Log file open, 09/24/20 17:03:35
LogInit: Display: Running engine for game: PP2020
LogPlatformFile: Not using cached read wrapper
LogTaskGraph: Started task graph with 5 named threads and 47 total threads with 3 sets of task threads.
LogStats: Stats thread started at 0.154563
LogD3D11RHI: Loaded GFSDK_Aftermath_Lib.x64.dll
LogICUInternationalization: ICU TimeZone Detection - Raw Offset: +2:00, Platform Override: ''
LogPluginManager: Mounting plugin Paper2D
LogPluginManager: Mounting plugin AISupport
LogPluginManager: Mounting plugin LightPropagationVolume
LogPluginManager: Mounting plugin CameraShakePreviewer
LogPluginManager: Mounting plugin ActorLayerUtilities
LogPluginManager: Mounting plugin AnimationSharing
LogPluginManager: Mounting plugin CLionSourceCodeAccess
LogPluginManager: Mounting plugin CodeLiteSourceCodeAccess
LogPluginManager: Mounting plugin GitSourceControl
LogPluginManager: Mounting plugin KDevelopSourceCodeAccess
LogPluginManager: Mounting plugin NullSourceCodeAccess
LogPluginManager: Mounting plugin PerforceSourceControl
LogPluginManager: Mounting plugin PlasticSourceControl
LogPluginManager: Mounting plugin RiderSourceCodeAccess
LogPluginManager: Mounting plugin SubversionSourceControl
LogPluginManager: Mounting plugin UObjectPlugin
LogPluginManager: Mounting plugin VisualStudioCodeSourceCodeAccess
LogPluginManager: Mounting plugin VisualStudioSourceCodeAccess
LogPluginManager: Mounting plugin XCodeSourceCodeAccess
LogPluginManager: Mounting plugin AssetManagerEditor
LogPluginManager: Mounting plugin CryptoKeys
LogPluginManager: Mounting plugin CurveEditorTools
LogPluginManager: Mounting plugin DataValidation
LogPluginManager: Mounting plugin EditorScriptingUtilities
LogPluginManager: Mounting plugin FacialAnimation
LogPluginManager: Mounting plugin GameplayTagsEditor
LogPluginManager: Mounting plugin GeometryMode
LogPluginManager: Mounting plugin MacGraphicsSwitching
LogPluginManager: Mounting plugin MaterialAnalyzer
LogPluginManager: Mounting plugin MobileLauncherProfileWizard
LogPluginManager: Mounting plugin PluginBrowser
LogPluginManager: Mounting plugin SpeedTreeImporter
LogPluginManager: Mounting plugin DatasmithContent
LogPluginManager: Mounting plugin VariantManagerContent
LogPluginManager: Mounting plugin AlembicImporter
LogPluginManager: Mounting plugin AutomationUtils
LogPluginManager: Mounting plugin BackChannel
LogPluginManager: Mounting plugin ChaosCloth
LogPluginManager: Mounting plugin ChaosClothEditor
LogPluginManager: Mounting plugin ChaosEditor
LogPluginManager: Mounting plugin ChaosNiagara
LogPluginManager: Mounting plugin ChaosSolverPlugin
LogPluginManager: Mounting plugin CharacterAI
LogPluginManager: Mounting plugin GeometryCache
LogPluginManager: Mounting plugin GeometryCollectionPlugin
LogPluginManager: Mounting plugin GeometryProcessing
LogPluginManager: Mounting plugin PlanarCut
LogPluginManager: Mounting plugin PlatformCrypto
LogPluginManager: Mounting plugin ProxyLODPlugin
LogPluginManager: Mounting plugin SkeletalReduction
LogPluginManager: Mounting plugin Niagara
LogPluginManager: Mounting plugin MagicLeap
LogPluginManager: Mounting plugin MagicLeapLightEstimation
LogPluginManager: Mounting plugin MagicLeapMedia
LogPluginManager: Mounting plugin MagicLeapPassableWorld
LogPluginManager: Mounting plugin MLSDK
LogPluginManager: Mounting plugin AndroidMedia
LogPluginManager: Mounting plugin AvfMedia
LogPluginManager: Mounting plugin ImgMedia
LogPluginManager: Mounting plugin MediaCompositing
LogPluginManager: Mounting plugin MediaPlayerEditor
LogPluginManager: Mounting plugin WebMMedia
LogPluginManager: Mounting plugin WmfMedia
LogPluginManager: Mounting plugin MeshPainting
LogPluginManager: Mounting plugin TcpMessaging
LogPluginManager: Mounting plugin UdpMessaging
LogPluginManager: Mounting plugin ActorSequence
LogPluginManager: Mounting plugin LevelSequenceEditor
LogPluginManager: Mounting plugin MatineeToLevelSequence
LogPluginManager: Mounting plugin MovieRenderPipeline
LogPluginManager: Mounting plugin TemplateSequence
LogPluginManager: Mounting plugin NetcodeUnitTest
LogPluginManager: Mounting plugin NUTUnrealEngine4
LogPluginManager: Mounting plugin OnlineSubsystemGooglePlay
LogPluginManager: Mounting plugin OnlineSubsystemIOS
LogPluginManager: Mounting plugin OnlineSubsystem
LogPluginManager: Mounting plugin OnlineSubsystemNull
LogPluginManager: Mounting plugin OnlineSubsystemUtils
LogPluginManager: Mounting plugin LauncherChunkInstaller
LogPluginManager: Mounting plugin AndroidDeviceProfileSelector
LogPluginManager: Mounting plugin AndroidMoviePlayer
LogPluginManager: Mounting plugin AndroidPermission
LogPluginManager: Mounting plugin AppleImageUtils
LogPluginManager: Mounting plugin AppleMoviePlayer
LogPluginManager: Mounting plugin ArchVisCharacter
LogPluginManager: Mounting plugin AssetTags
LogPluginManager: Mounting plugin AudioCapture
LogPluginManager: Mounting plugin CableComponent
LogPluginManager: Mounting plugin CustomMeshComponent
LogPluginManager: Mounting plugin EditableMesh
LogPluginManager: Mounting plugin ExampleDeviceProfileSelector
LogPluginManager: Mounting plugin GoogleCloudMessaging
LogPluginManager: Mounting plugin GooglePAD
LogPluginManager: Mounting plugin IOSDeviceProfileSelector
LogPluginManager: Mounting plugin LinuxDeviceProfileSelector
LogPluginManager: Mounting plugin LocationServicesBPLibrary
LogPluginManager: Mounting plugin MobilePatchingUtils
LogPluginManager: Mounting plugin OculusVR
LogPluginManager: Mounting plugin PhysXVehicles
LogPluginManager: Mounting plugin PostSplashScreen
LogPluginManager: Mounting plugin ProceduralMeshComponent
LogPluginManager: Mounting plugin RuntimePhysXCooking
LogPluginManager: Mounting plugin SignificanceManager
LogPluginManager: Mounting plugin SoundFields
LogPluginManager: Mounting plugin SteamVR
LogPluginManager: Mounting plugin Synthesis
LogPluginManager: Mounting plugin WebMMoviePlayer
LogPluginManager: Mounting plugin WindowsMoviePlayer
LogPluginManager: Mounting plugin ScreenshotTools
LogInit: Using libcurl 7.55.1-DEV
LogInit:  - built for x86_64-pc-win32
LogInit:  - supports SSL with OpenSSL/1.1.1
LogInit:  - supports HTTP deflate (compression) using libz 1.2.8
LogInit:  - other features:
LogInit:      CURL_VERSION_SSL
LogInit:      CURL_VERSION_LIBZ
LogInit:      CURL_VERSION_IPV6
LogInit:      CURL_VERSION_ASYNCHDNS
LogInit:      CURL_VERSION_LARGEFILE
LogInit:      CURL_VERSION_IDN
LogInit:  CurlRequestOptions (configurable via config and command line):
LogInit:  - bVerifyPeer = true  - Libcurl will verify peer certificate
LogInit:  - bUseHttpProxy = false  - Libcurl will NOT use HTTP proxy
LogInit:  - bDontReuseConnections = false  - Libcurl will reuse connections
LogInit:  - MaxHostConnections = 16  - Libcurl will limit the number of connections to a host
LogInit:  - LocalHostAddr = Default
LogInit:  - BufferSize = 65536
LogOnline: OSS: Creating online subsystem instance for: NULL
LogInit: WinSock: version 1.1 (2.2), MaxSocks=32767, MaxUdp=65467
LogOnline: OSS: TryLoadSubsystemAndSetDefault: Loaded subsystem for module [NULL]
LogInit: Build: ++UE4+Release-4.25-CL-13942748
LogInit: Engine Version: 4.25.3-13942748+++UE4+Release-4.25
LogInit: Compatible Engine Version: 4.25.0-13144385+++UE4+Release-4.25
LogInit: Net CL: 13144385
LogInit: OS: Windows 10 (Release 1903) (), CPU: AMD Ryzen 7 3700X 8-Core Processor             , GPU: NVIDIA GeForce RTX 2070
LogInit: Compiled (64-bit): Jul 25 2020 02:07:48
LogInit: Compiled with Visual C++: 19.24.28315.00
LogInit: Build Configuration: Development
LogInit: Branch Name: ++UE4+Release-4.25
LogInit: Command Line:  -EpicPortal -epicusername=Zaetes -epicuserid=e5104a93d8d947f8b4f12650e0620195 -epiclocale=en
LogInit: Base Directory: D:/Ohjelmat/Epic Games/UE_4.25/Engine/Binaries/Win64/
LogInit: Allocator: TBB
LogInit: Installed Engine Build: 1
LogDevObjectVersion: Number of dev versions registered: 26
LogDevObjectVersion:   Dev-Blueprints (B0D832E4-1F89-4F0D-ACCF-7EB736FD4AA2): 10
LogDevObjectVersion:   Dev-Build (E1C64328-A22C-4D53-A36C-8E866417BD8C): 0
LogDevObjectVersion:   Dev-Core (375EC13C-06E4-48FB-B500-84F0262A717E): 4
LogDevObjectVersion:   Dev-Editor (E4B068ED-F494-42E9-A231-DA0B2E46BB41): 38
LogDevObjectVersion:   Dev-Framework (CFFC743F-43B0-4480-9391-14DF171D2073): 37
LogDevObjectVersion:   Dev-Mobile (B02B49B5-BB20-44E9-A304-32B752E40360): 2
LogDevObjectVersion:   Dev-Networking (A4E4105C-59A1-49B5-A7C5-40C4547EDFEE): 0
LogDevObjectVersion:   Dev-Online (39C831C9-5AE6-47DC-9A44-9C173E1C8E7C): 0
LogDevObjectVersion:   Dev-Physics (78F01B33-EBEA-4F98-B9B4-84EACCB95AA2): 4
LogDevObjectVersion:   Dev-Platform (6631380F-2D4D-43E0-8009-CF276956A95A): 0
LogDevObjectVersion:   Dev-Rendering (12F88B9F-8875-4AFC-A67C-D90C383ABD29): 43
LogDevObjectVersion:   Dev-Sequencer (7B5AE74C-D270-4C10-A958-57980B212A5A): 12
LogDevObjectVersion:   Dev-VR (D7296918-1DD6-4BDD-9DE2-64A83CC13884): 3
LogDevObjectVersion:   Dev-LoadTimes (C2A15278-BFE7-4AFE-6C17-90FF531DF755): 1
LogDevObjectVersion:   Private-Geometry (6EACA3D4-40EC-4CC1-B786-8BED09428FC5): 3
LogDevObjectVersion:   Dev-AnimPhys (29E575DD-E0A3-4627-9D10-D276232CDCEA): 17
LogDevObjectVersion:   Dev-Anim (AF43A65D-7FD3-4947-9873-3E8ED9C1BB05): 7
LogDevObjectVersion:   Dev-ReflectionCapture (6B266CEC-1EC7-4B8F-A30B-E4D90942FC07): 1
LogDevObjectVersion:   Dev-Automation (0DF73D61-A23F-47EA-B727-89E90C41499A): 1
LogDevObjectVersion:   FortniteMain (601D1886-AC64-4F84-AA16-D3DE0DEAC7D6): 31
LogDevObjectVersion:   Dev-Enterprise (9DFFBCD6-494F-0158-E221-12823C92A888): 10
LogDevObjectVersion:   Dev-Niagara (F2AED0AC-9AFE-416F-8664-AA7FFA26D6FC): 1
LogDevObjectVersion:   Dev-Destruction (174F1F0B-B4C6-45A5-B13F-2EE8D0FB917D): 10
LogDevObjectVersion:   Dev-Physics-Ext (35F94A83-E258-406C-A318-09F59610247C): 37
LogDevObjectVersion:   Dev-PhysicsMaterial-Chaos (B68FC16E-8B1B-42E2-B453-215C058844FE): 1
LogDevObjectVersion:   Dev-CineCamera (B2E18506-4273-CFC2-A54E-F4BB758BBA07): 1
LogInit: Presizing for max 25165824 objects, including 0 objects not considered by GC, pre-allocating 0 bytes for permanent pool.
LogConfig: Applying CVar settings from Section [/Script/Engine.StreamingSettings] File [D:/Koulu/Github repository/Pelikehityksen perusteet/PP2020/Saved/Config/Windows/Engine.ini]
LogConfig: Setting CVar [[s.MinBulkDataSizeForAsyncLoading:131072]]
LogConfig: Setting CVar [[s.AsyncLoadingThreadEnabled:0]]
LogConfig: Setting CVar [[s.EventDrivenLoaderEnabled:1]]
LogConfig: Setting CVar [[s.WarnIfTimeLimitExceeded:0]]
LogConfig: Setting CVar [[s.TimeLimitExceededMultiplier:1.5]]
LogConfig: Setting CVar [[s.TimeLimitExceededMinTime:0.005]]
LogConfig: Setting CVar [[s.UseBackgroundLevelStreaming:1]]
LogConfig: Setting CVar [[s.PriorityAsyncLoadingExtraTime:15.0]]
LogConfig: Setting CVar [[s.LevelStreamingActorsUpdateTimeLimit:5.0]]
LogConfig: Setting CVar [[s.PriorityLevelStreamingActorsUpdateExtraTime:5.0]]
LogConfig: Setting CVar [[s.LevelStreamingComponentsRegistrationGranularity:10]]
LogConfig: Setting CVar [[s.UnregisterComponentsTimeLimit:1.0]]
LogConfig: Setting CVar [[s.LevelStreamingComponentsUnregistrationGranularity:5]]
LogConfig: Setting CVar [[s.FlushStreamingOnExit:1]]
LogInit: Object subsystem initialized
LogConfig: Setting CVar [[con.DebugEarlyDefault:1]]
LogConfig: Setting CVar [[r.setres:1280x720]]
[2020.09.24-14.03.35:797][  0]LogConfig: Setting CVar [[r.VSync:0]]
[2020.09.24-14.03.35:797][  0]LogConfig: Setting CVar [[r.RHICmdBypass:0]]
[2020.09.24-14.03.35:797][  0]LogConfig: Applying CVar settings from Section [/Script/Engine.RendererSettings] File [D:/Koulu/Github repository/Pelikehityksen perusteet/PP2020/Saved/Config/Windows/Engine.ini]
[2020.09.24-14.03.35:797][  0]LogConfig: Setting CVar [[r.GPUCrashDebugging:0]]
[2020.09.24-14.03.35:797][  0]LogConfig: Applying CVar settings from Section [/Script/Engine.RendererOverrideSettings] File [D:/Koulu/Github repository/Pelikehityksen perusteet/PP2020/Saved/Config/Windows/Engine.ini]
[2020.09.24-14.03.35:797][  0]LogConfig: Applying CVar settings from Section [/Script/Engine.StreamingSettings] File [D:/Koulu/Github repository/Pelikehityksen perusteet/PP2020/Saved/Config/Windows/Engine.ini]
[2020.09.24-14.03.35:797][  0]LogConfig: Setting CVar [[s.MinBulkDataSizeForAsyncLoading:131072]]
[2020.09.24-14.03.35:797][  0]LogConfig: Setting CVar [[s.AsyncLoadingThreadEnabled:0]]
[2020.09.24-14.03.35:797][  0]LogConfig: Setting CVar [[s.EventDrivenLoaderEnabled:1]]
[2020.09.24-14.03.35:798][  0]LogConfig: Setting CVar [[s.WarnIfTimeLimitExceeded:0]]
[2020.09.24-14.03.35:798][  0]LogConfig: Setting CVar [[s.TimeLimitExceededMultiplier:1.5]]
[2020.09.24-14.03.35:798][  0]LogConfig: Setting CVar [[s.TimeLimitExceededMinTime:0.005]]
[2020.09.24-14.03.35:798][  0]LogConfig: Setting CVar [[s.UseBackgroundLevelStreaming:1]]
[2020.09.24-14.03.35:798][  0]LogConfig: Setting CVar [[s.PriorityAsyncLoadingExtraTime:15.0]]
[2020.09.24-14.03.35:798][  0]LogConfig: Setting CVar [[s.LevelStreamingActorsUpdateTimeLimit:5.0]]
[2020.09.24-14.03.35:798][  0]LogConfig: Setting CVar [[s.PriorityLevelStreamingActorsUpdateExtraTime:5.0]]
[2020.09.24-14.03.35:798][  0]LogConfig: Setting CVar [[s.LevelStreamingComponentsRegistrationGranularity:10]]
[2020.09.24-14.03.35:798][  0]LogConfig: Setting CVar [[s.UnregisterComponentsTimeLimit:1.0]]
[2020.09.24-14.03.35:798][  0]LogConfig: Setting CVar [[s.LevelStreamingComponentsUnregistrationGranularity:5]]
[2020.09.24-14.03.35:798][  0]LogConfig: Setting CVar [[s.FlushStreamingOnExit:1]]
[2020.09.24-14.03.35:798][  0]LogConfig: Applying CVar settings from Section [/Script/Engine.GarbageCollectionSettings] File [D:/Koulu/Github repository/Pelikehityksen perusteet/PP2020/Saved/Config/Windows/Engine.ini]
[2020.09.24-14.03.35:798][  0]LogConfig: Setting CVar [[gc.MaxObjectsNotConsideredByGC:1]]
[2020.09.24-14.03.35:798][  0]LogConfig: Setting CVar [[gc.SizeOfPermanentObjectPool:0]]
[2020.09.24-14.03.35:798][  0]LogConfig: Setting CVar [[gc.FlushStreamingOnGC:0]]
[2020.09.24-14.03.35:798][  0]LogConfig: Setting CVar [[gc.NumRetriesBeforeForcingGC:10]]
[2020.09.24-14.03.35:798][  0]LogConfig: Setting CVar [[gc.AllowParallelGC:1]]
[2020.09.24-14.03.35:798][  0]LogConfig: Setting CVar [[gc.TimeBetweenPurgingPendingKillObjects:61.1]]
[2020.09.24-14.03.35:798][  0]LogConfig: Setting CVar [[gc.MaxObjectsInEditor:25165824]]
[2020.09.24-14.03.35:798][  0]LogConfig: Setting CVar [[gc.IncrementalBeginDestroyEnabled:1]]
[2020.09.24-14.03.35:798][  0]LogConfig: Setting CVar [[gc.CreateGCClusters:1]]
[2020.09.24-14.03.35:798][  0]LogConfig: Setting CVar [[gc.MinGCClusterSize:5]]
[2020.09.24-14.03.35:798][  0]LogConfig: Setting CVar [[gc.ActorClusteringEnabled:0]]
[2020.09.24-14.03.35:798][  0]LogConfig: Setting CVar [[gc.BlueprintClusteringEnabled:0]]
[2020.09.24-14.03.35:798][  0]LogConfig: Setting CVar [[gc.UseDisregardForGCOnDedicatedServers:0]]
[2020.09.24-14.03.35:798][  0]LogConfig: Applying CVar settings from Section [/Script/Engine.NetworkSettings] File [D:/Koulu/Github repository/Pelikehityksen perusteet/PP2020/Saved/Config/Windows/Engine.ini]
[2020.09.24-14.03.35:798][  0]LogConfig: Applying CVar settings from Section [/Script/UnrealEd.CookerSettings] File [D:/Koulu/Github repository/Pelikehityksen perusteet/PP2020/Saved/Config/Windows/Engine.ini]
[2020.09.24-14.03.35:800][  0]LogConfig: Applying CVar settings from Section [ViewDistanceQuality@3] File [D:/Koulu/Github repository/Pelikehityksen perusteet/PP2020/Saved/Config/Windows/Scalability.ini]
[2020.09.24-14.03.35:800][  0]LogConfig: Setting CVar [[r.SkeletalMeshLODBias:0]]
[2020.09.24-14.03.35:800][  0]LogConfig: Setting CVar [[r.ViewDistanceScale:1.0]]
[2020.09.24-14.03.35:800][  0]LogConfig: Applying CVar settings from Section [AntiAliasingQuality@3] File [D:/Koulu/Github repository/Pelikehityksen perusteet/PP2020/Saved/Config/Windows/Scalability.ini]
[2020.09.24-14.03.35:800][  0]LogConfig: Setting CVar [[r.PostProcessAAQuality:4]]
[2020.09.24-14.03.35:800][  0]LogConfig: Applying CVar settings from Section [ShadowQuality@3] File [D:/Koulu/Github repository/Pelikehityksen perusteet/PP2020/Saved/Config/Windows/Scalability.ini]
[2020.09.24-14.03.35:800][  0]LogConfig: Setting CVar [[r.LightFunctionQuality:1]]
[2020.09.24-14.03.35:800][  0]LogConfig: Setting CVar [[r.ShadowQuality:5]]
[2020.09.24-14.03.35:800][  0]LogConfig: Setting CVar [[r.Shadow.CSM.MaxCascades:10]]
[2020.09.24-14.03.35:800][  0]LogConfig: Setting CVar [[r.Shadow.MaxResolution:2048]]
[2020.09.24-14.03.35:800][  0]LogConfig: Setting CVar [[r.Shadow.MaxCSMResolution:2048]]
[2020.09.24-14.03.35:800][  0]LogConfig: Setting CVar [[r.Shadow.RadiusThreshold:0.01]]
[2020.09.24-14.03.35:800][  0]LogConfig: Setting CVar [[r.Shadow.DistanceScale:1.0]]
[2020.09.24-14.03.35:800][  0]LogConfig: Setting CVar [[r.Shadow.CSM.TransitionScale:1.0]]
[2020.09.24-14.03.35:800][  0]LogConfig: Setting CVar [[r.Shadow.PreShadowResolutionFactor:1.0]]
[2020.09.24-14.03.35:800][  0]LogConfig: Setting CVar [[r.DistanceFieldShadowing:1]]
[2020.09.24-14.03.35:800][  0]LogConfig: Setting CVar [[r.DistanceFieldAO:1]]
[2020.09.24-14.03.35:800][  0]LogConfig: Setting CVar [[r.AOQuality:2]]
[2020.09.24-14.03.35:800][  0]LogConfig: Setting CVar [[r.VolumetricFog:1]]
[2020.09.24-14.03.35:800][  0]LogConfig: Setting CVar [[r.VolumetricFog.GridPixelSize:8]]
[2020.09.24-14.03.35:800][  0]LogConfig: Setting CVar [[r.VolumetricFog.GridSizeZ:128]]
[2020.09.24-14.03.35:800][  0]LogConfig: Setting CVar [[r.VolumetricFog.HistoryMissSupersampleCount:4]]
[2020.09.24-14.03.35:800][  0]LogConfig: Setting CVar [[r.LightMaxDrawDistanceScale:1]]
[2020.09.24-14.03.35:800][  0]LogConfig: Setting CVar [[r.CapsuleShadows:1]]
[2020.09.24-14.03.35:801][  0]LogConfig: Applying CVar settings from Section [PostProcessQuality@3] File [D:/Koulu/Github repository/Pelikehityksen perusteet/PP2020/Saved/Config/Windows/Scalability.ini]
[2020.09.24-14.03.35:801][  0]LogConfig: Setting CVar [[r.MotionBlurQuality:4]]
[2020.09.24-14.03.35:801][  0]LogConfig: Setting CVar [[r.AmbientOcclusionMipLevelFactor:0.4]]
[2020.09.24-14.03.35:801][  0]LogConfig: Setting CVar [[r.AmbientOcclusionMaxQuality:100]]
[2020.09.24-14.03.35:801][  0]LogConfig: Setting CVar [[r.AmbientOcclusionLevels:-1]]
[2020.09.24-14.03.35:801][  0]LogConfig: Setting CVar [[r.AmbientOcclusionRadiusScale:1.0]]
[2020.09.24-14.03.35:801][  0]LogConfig: Setting CVar [[r.DepthOfFieldQuality:2]]
[2020.09.24-14.03.35:801][  0]LogConfig: Setting CVar [[r.RenderTargetPoolMin:400]]
[2020.09.24-14.03.35:801][  0]LogConfig: Setting CVar [[r.LensFlareQuality:2]]
[2020.09.24-14.03.35:801][  0]LogConfig: Setting CVar [[r.SceneColorFringeQuality:1]]
[2020.09.24-14.03.35:801][  0]LogConfig: Setting CVar [[r.EyeAdaptationQuality:2]]
[2020.09.24-14.03.35:801][  0]LogConfig: Setting CVar [[r.BloomQuality:5]]
[2020.09.24-14.03.35:801][  0]LogConfig: Setting CVar [[r.FastBlurThreshold:100]]
[2020.09.24-14.03.35:801][  0]LogConfig: Setting CVar [[r.Upscale.Quality:3]]
[2020.09.24-14.03.35:801][  0]LogConfig: Setting CVar [[r.Tonemapper.GrainQuantization:1]]
[2020.09.24-14.03.35:801][  0]LogConfig: Setting CVar [[r.LightShaftQuality:1]]
[2020.09.24-14.03.35:801][  0]LogConfig: Setting CVar [[r.Filter.SizeScale:1]]
[2020.09.24-14.03.35:801][  0]LogConfig: Setting CVar [[r.Tonemapper.Quality:5]]
[2020.09.24-14.03.35:801][  0]LogConfig: Setting CVar [[r.DOF.Gather.AccumulatorQuality:1        ; higher gathering accumulator quality]]
[2020.09.24-14.03.35:801][  0]LogConfig: Setting CVar [[r.DOF.Gather.PostfilterMethod:1          ; Median3x3 postfilering method]]
[2020.09.24-14.03.35:801][  0]LogConfig: Setting CVar [[r.DOF.Gather.EnableBokehSettings:0       ; no bokeh simulation when gathering]]
[2020.09.24-14.03.35:801][  0]LogConfig: Setting CVar [[r.DOF.Gather.RingCount:4                 ; medium number of samples when gathering]]
[2020.09.24-14.03.35:801][  0]LogConfig: Setting CVar [[r.DOF.Scatter.ForegroundCompositing:1    ; additive foreground scattering]]
[2020.09.24-14.03.35:801][  0]LogConfig: Setting CVar [[r.DOF.Scatter.BackgroundCompositing:2    ; additive background scattering]]
[2020.09.24-14.03.35:801][  0]LogConfig: Setting CVar [[r.DOF.Scatter.EnableBokehSettings:1      ; bokeh simulation when scattering]]
[2020.09.24-14.03.35:801][  0]LogConfig: Setting CVar [[r.DOF.Scatter.MaxSpriteRatio:0.1         ; only a maximum of 10% of scattered bokeh]]
[2020.09.24-14.03.35:801][  0]LogConfig: Setting CVar [[r.DOF.Recombine.Quality:1                ; cheap slight out of focus]]
[2020.09.24-14.03.35:801][  0]LogConfig: Setting CVar [[r.DOF.Recombine.EnableBokehSettings:0    ; no bokeh simulation on slight out of focus]]
[2020.09.24-14.03.35:801][  0]LogConfig: Setting CVar [[r.DOF.TemporalAAQuality:1                ; more stable temporal accumulation]]
[2020.09.24-14.03.35:801][  0]LogConfig: Setting CVar [[r.DOF.Kernel.MaxForegroundRadius:0.025]]
[2020.09.24-14.03.35:801][  0]LogConfig: Setting CVar [[r.DOF.Kernel.MaxBackgroundRadius:0.025]]
[2020.09.24-14.03.35:801][  0]LogConfig: Applying CVar settings from Section [TextureQuality@3] File [D:/Koulu/Github repository/Pelikehityksen perusteet/PP2020/Saved/Config/Windows/Scalability.ini]
[2020.09.24-14.03.35:801][  0]LogConfig: Setting CVar [[r.Streaming.MipBias:0]]
[2020.09.24-14.03.35:801][  0]LogConfig: Setting CVar [[r.Streaming.AmortizeCPUToGPUCopy:0]]
[2020.09.24-14.03.35:801][  0]LogConfig: Setting CVar [[r.Streaming.MaxNumTexturesToStreamPerFrame:0]]
[2020.09.24-14.03.35:801][  0]LogConfig: Setting CVar [[r.Streaming.Boost:1]]
[2020.09.24-14.03.35:801][  0]LogConfig: Setting CVar [[r.MaxAnisotropy:8]]
[2020.09.24-14.03.35:801][  0]LogConfig: Setting CVar [[r.VT.MaxAnisotropy:8]]
[2020.09.24-14.03.35:801][  0]LogConfig: Setting CVar [[r.Streaming.LimitPoolSizeToVRAM:0]]
[2020.09.24-14.03.35:801][  0]LogConfig: Setting CVar [[r.Streaming.PoolSize:1000]]
[2020.09.24-14.03.35:801][  0]LogConfig: Setting CVar [[r.Streaming.MaxEffectiveScreenSize:0]]
[2020.09.24-14.03.35:801][  0]LogConfig: Applying CVar settings from Section [EffectsQuality@3] File [D:/Koulu/Github repository/Pelikehityksen perusteet/PP2020/Saved/Config/Windows/Scalability.ini]
[2020.09.24-14.03.35:802][  0]LogConfig: Setting CVar [[r.TranslucencyLightingVolumeDim:64]]
[2020.09.24-14.03.35:802][  0]LogConfig: Setting CVar [[r.RefractionQuality:2]]
[2020.09.24-14.03.35:802][  0]LogConfig: Setting CVar [[r.SSR.Quality:3]]
[2020.09.24-14.03.35:802][  0]LogConfig: Setting CVar [[r.SSR.HalfResSceneColor:0]]
[2020.09.24-14.03.35:802][  0]LogConfig: Setting CVar [[r.SceneColorFormat:4]]
[2020.09.24-14.03.35:802][  0]LogConfig: Setting CVar [[r.DetailMode:2]]
[2020.09.24-14.03.35:802][  0]LogConfig: Setting CVar [[r.TranslucencyVolumeBlur:1]]
[2020.09.24-14.03.35:802][  0]LogConfig: Setting CVar [[r.MaterialQualityLevel:1 ; High quality]]
[2020.09.24-14.03.35:802][  0]LogConfig: Setting CVar [[r.SSS.Scale:1]]
[2020.09.24-14.03.35:802][  0]LogConfig: Setting CVar [[r.SSS.SampleSet:2]]
[2020.09.24-14.03.35:802][  0]LogConfig: Setting CVar [[r.SSS.Quality:1]]
[2020.09.24-14.03.35:802][  0]LogConfig: Setting CVar [[r.SSS.HalfRes:0]]
[2020.09.24-14.03.35:802][  0]LogConfig: Setting CVar [[r.SSGI.Quality:3]]
[2020.09.24-14.03.35:802][  0]LogConfig: Setting CVar [[r.EmitterSpawnRateScale:1.0]]
[2020.09.24-14.03.35:802][  0]LogConfig: Setting CVar [[r.ParticleLightQuality:2]]
[2020.09.24-14.03.35:802][  0]LogConfig: Setting CVar [[r.SkyAtmosphere.AerialPerspectiveLUT.FastApplyOnOpaque:1 ; Always have FastSkyLUT 1 in this case to avoid wrong sky]]
[2020.09.24-14.03.35:802][  0]LogConfig: Setting CVar [[r.SkyAtmosphere.AerialPerspectiveLUT.SampleCountPerSlice:1]]
[2020.09.24-14.03.35:802][  0]LogConfig: Setting CVar [[r.SkyAtmosphere.AerialPerspectiveLUT.DepthResolution:16.0]]
[2020.09.24-14.03.35:802][  0]LogConfig: Setting CVar [[r.SkyAtmosphere.FastSkyLUT:1]]
[2020.09.24-14.03.35:802][  0]LogConfig: Setting CVar [[r.SkyAtmosphere.FastSkyLUT.SampleCountMin:4.0]]
[2020.09.24-14.03.35:802][  0]LogConfig: Setting CVar [[r.SkyAtmosphere.FastSkyLUT.SampleCountMax:32.0]]
[2020.09.24-14.03.35:802][  0]LogConfig: Setting CVar [[r.SkyAtmosphere.SampleCountMin:4.0]]
[2020.09.24-14.03.35:802][  0]LogConfig: Setting CVar [[r.SkyAtmosphere.SampleCountMax:32.0]]
[2020.09.24-14.03.35:802][  0]LogConfig: Setting CVar [[r.SkyAtmosphere.TransmittanceLUT.UseSmallFormat:0]]
[2020.09.24-14.03.35:802][  0]LogConfig: Setting CVar [[r.SkyAtmosphere.TransmittanceLUT.SampleCount:10.0]]
[2020.09.24-14.03.35:802][  0]LogConfig: Setting CVar [[r.SkyAtmosphere.MultiScatteringLUT.SampleCount:15.0]]
[2020.09.24-14.03.35:802][  0]LogConfig: Applying CVar settings from Section [FoliageQuality@3] File [D:/Koulu/Github repository/Pelikehityksen perusteet/PP2020/Saved/Config/Windows/Scalability.ini]
[2020.09.24-14.03.35:802][  0]LogConfig: Setting CVar [[foliage.DensityScale:1.0]]
[2020.09.24-14.03.35:802][  0]LogConfig: Setting CVar [[grass.DensityScale:1.0]]
[2020.09.24-14.03.35:802][  0]LogConfig: Applying CVar settings from Section [ShadingQuality@3] File [D:/Koulu/Github repository/Pelikehityksen perusteet/PP2020/Saved/Config/Windows/Scalability.ini]
[2020.09.24-14.03.35:802][  0]LogConfig: Setting CVar [[r.HairStrands.SkyLighting.SampleCount:16]]
[2020.09.24-14.03.35:802][  0]LogConfig: Setting CVar [[r.HairStrands.SkyLighting.JitterIntegration:0]]
[2020.09.24-14.03.35:802][  0]LogConfig: Setting CVar [[r.HairStrands.SkyAO.SampleCount:16]]
[2020.09.24-14.03.35:802][  0]LogConfig: Setting CVar [[r.HairStrands.DeepShadow.SuperSampling:0]]
[2020.09.24-14.03.35:802][  0]LogConfig: Setting CVar [[r.HairStrands.VisibilityPPLL:0]]
[2020.09.24-14.03.35:802][  0]LogConfig: Setting CVar [[r.HairStrands.RasterizationScale:0.5]]
[2020.09.24-14.03.35:802][  0]LogConfig: Setting CVar [[r.HairStrands.VelocityRasterizationScale:1]]
[2020.09.24-14.03.35:802][  0]LogInit: Selected Device Profile: [Windows]
[2020.09.24-14.03.35:802][  0]LogInit: Applying CVar settings loaded from the selected device profile: [Windows]
[2020.09.24-14.03.35:802][  0]LogHAL: Display: Platform has ~ 16 GB [17083437056 / 17179869184 / 16], which maps to Larger [LargestMinGB=32, LargerMinGB=12, DefaultMinGB=8, SmallerMinGB=6, SmallestMinGB=0)
[2020.09.24-14.03.35:802][  0]LogInit: Going up to parent DeviceProfile []
[2020.09.24-14.03.35:802][  0]LogConfig: Applying CVar settings from Section [ViewDistanceQuality@3] File [D:/Koulu/Github repository/Pelikehityksen perusteet/PP2020/Saved/Config/Windows/Scalability.ini]
[2020.09.24-14.03.35:802][  0]LogConfig: Setting CVar [[r.SkeletalMeshLODBias:0]]
[2020.09.24-14.03.35:802][  0]LogConfig: Setting CVar [[r.ViewDistanceScale:1.0]]
[2020.09.24-14.03.35:802][  0]LogConfig: Applying CVar settings from Section [AntiAliasingQuality@3] File [D:/Koulu/Github repository/Pelikehityksen perusteet/PP2020/Saved/Config/Windows/Scalability.ini]
[2020.09.24-14.03.35:802][  0]LogConfig: Setting CVar [[r.PostProcessAAQuality:4]]
[2020.09.24-14.03.35:802][  0]LogConfig: Applying CVar settings from Section [ShadowQuality@3] File [D:/Koulu/Github repository/Pelikehityksen perusteet/PP2020/Saved/Config/Windows/Scalability.ini]
[2020.09.24-14.03.35:802][  0]LogConfig: Setting CVar [[r.LightFunctionQuality:1]]
[2020.09.24-14.03.35:802][  0]LogConfig: Setting CVar [[r.ShadowQuality:5]]
[2020.09.24-14.03.35:802][  0]LogConfig: Setting CVar [[r.Shadow.CSM.MaxCascades:10]]
[2020.09.24-14.03.35:802][  0]LogConfig: Setting CVar [[r.Shadow.MaxResolution:2048]]
[2020.09.24-14.03.35:802][  0]LogConfig: Setting CVar [[r.Shadow.MaxCSMResolution:2048]]
[2020.09.24-14.03.35:802][  0]LogConfig: Setting CVar [[r.Shadow.RadiusThreshold:0.01]]
[2020.09.24-14.03.35:803][  0]LogConfig: Setting CVar [[r.Shadow.DistanceScale:1.0]]
[2020.09.24-14.03.35:803][  0]LogConfig: Setting CVar [[r.Shadow.CSM.TransitionScale:1.0]]
[2020.09.24-14.03.35:803][  0]LogConfig: Setting CVar [[r.Shadow.PreShadowResolutionFactor:1.0]]
[2020.09.24-14.03.35:803][  0]LogConfig: Setting CVar [[r.DistanceFieldShadowing:1]]
[2020.09.24-14.03.35:803][  0]LogConfig: Setting CVar [[r.DistanceFieldAO:1]]
[2020.09.24-14.03.35:803][  0]LogConfig: Setting CVar [[r.AOQuality:2]]
[2020.09.24-14.03.35:803][  0]LogConfig: Setting CVar [[r.VolumetricFog:1]]
[2020.09.24-14.03.35:803][  0]LogConfig: Setting CVar [[r.VolumetricFog.GridPixelSize:8]]
[2020.09.24-14.03.35:803][  0]LogConfig: Setting CVar [[r.VolumetricFog.GridSizeZ:128]]
[2020.09.24-14.03.35:803][  0]LogConfig: Setting CVar [[r.VolumetricFog.HistoryMissSupersampleCount:4]]
[2020.09.24-14.03.35:803][  0]LogConfig: Setting CVar [[r.LightMaxDrawDistanceScale:1]]
[2020.09.24-14.03.35:803][  0]LogConfig: Setting CVar [[r.CapsuleShadows:1]]
[2020.09.24-14.03.35:803][  0]LogConfig: Applying CVar settings from Section [PostProcessQuality@3] File [D:/Koulu/Github repository/Pelikehityksen perusteet/PP2020/Saved/Config/Windows/Scalability.ini]
[2020.09.24-14.03.35:803][  0]LogConfig: Setting CVar [[r.MotionBlurQuality:4]]
[2020.09.24-14.03.35:803][  0]LogConfig: Setting CVar [[r.AmbientOcclusionMipLevelFactor:0.4]]
[2020.09.24-14.03.35:803][  0]LogConfig: Setting CVar [[r.AmbientOcclusionMaxQuality:100]]
[2020.09.24-14.03.35:803][  0]LogConfig: Setting CVar [[r.AmbientOcclusionLevels:-1]]
[2020.09.24-14.03.35:803][  0]LogConfig: Setting CVar [[r.AmbientOcclusionRadiusScale:1.0]]
[2020.09.24-14.03.35:803][  0]LogConfig: Setting CVar [[r.DepthOfFieldQuality:2]]
[2020.09.24-14.03.35:803][  0]LogConfig: Setting CVar [[r.RenderTargetPoolMin:400]]
[2020.09.24-14.03.35:803][  0]LogConfig: Setting CVar [[r.LensFlareQuality:2]]
[2020.09.24-14.03.35:803][  0]LogConfig: Setting CVar [[r.SceneColorFringeQuality:1]]
[2020.09.24-14.03.35:803][  0]LogConfig: Setting CVar [[r.EyeAdaptationQuality:2]]
[2020.09.24-14.03.35:803][  0]LogConfig: Setting CVar [[r.BloomQuality:5]]
[2020.09.24-14.03.35:803][  0]LogConfig: Setting CVar [[r.FastBlurThreshold:100]]
[2020.09.24-14.03.35:803][  0]LogConfig: Setting CVar [[r.Upscale.Quality:3]]
[2020.09.24-14.03.35:803][  0]LogConfig: Setting CVar [[r.Tonemapper.GrainQuantization:1]]
[2020.09.24-14.03.35:803][  0]LogConfig: Setting CVar [[r.LightShaftQuality:1]]
[2020.09.24-14.03.35:803][  0]LogConfig: Setting CVar [[r.Filter.SizeScale:1]]
[2020.09.24-14.03.35:803][  0]LogConfig: Setting CVar [[r.Tonemapper.Quality:5]]
[2020.09.24-14.03.35:803][  0]LogConfig: Setting CVar [[r.DOF.Gather.AccumulatorQuality:1        ; higher gathering accumulator quality]]
[2020.09.24-14.03.35:803][  0]LogConfig: Setting CVar [[r.DOF.Gather.PostfilterMethod:1          ; Median3x3 postfilering method]]
[2020.09.24-14.03.35:803][  0]LogConfig: Setting CVar [[r.DOF.Gather.EnableBokehSettings:0       ; no bokeh simulation when gathering]]
[2020.09.24-14.03.35:803][  0]LogConfig: Setting CVar [[r.DOF.Gather.RingCount:4                 ; medium number of samples when gathering]]
[2020.09.24-14.03.35:803][  0]LogConfig: Setting CVar [[r.DOF.Scatter.ForegroundCompositing:1    ; additive foreground scattering]]
[2020.09.24-14.03.35:803][  0]LogConfig: Setting CVar [[r.DOF.Scatter.BackgroundCompositing:2    ; additive background scattering]]
[2020.09.24-14.03.35:803][  0]LogConfig: Setting CVar [[r.DOF.Scatter.EnableBokehSettings:1      ; bokeh simulation when scattering]]
[2020.09.24-14.03.35:803][  0]LogConfig: Setting CVar [[r.DOF.Scatter.MaxSpriteRatio:0.1         ; only a maximum of 10% of scattered bokeh]]
[2020.09.24-14.03.35:803][  0]LogConfig: Setting CVar [[r.DOF.Recombine.Quality:1                ; cheap slight out of focus]]
[2020.09.24-14.03.35:803][  0]LogConfig: Setting CVar [[r.DOF.Recombine.EnableBokehSettings:0    ; no bokeh simulation on slight out of focus]]
[2020.09.24-14.03.35:803][  0]LogConfig: Setting CVar [[r.DOF.TemporalAAQuality:1                ; more stable temporal accumulation]]
[2020.09.24-14.03.35:803][  0]LogConfig: Setting CVar [[r.DOF.Kernel.MaxForegroundRadius:0.025]]
[2020.09.24-14.03.35:803][  0]LogConfig: Setting CVar [[r.DOF.Kernel.MaxBackgroundRadius:0.025]]
[2020.09.24-14.03.35:803][  0]LogConfig: Applying CVar settings from Section [TextureQuality@3] File [D:/Koulu/Github repository/Pelikehityksen perusteet/PP2020/Saved/Config/Windows/Scalability.ini]
[2020.09.24-14.03.35:803][  0]LogConfig: Setting CVar [[r.Streaming.MipBias:0]]
[2020.09.24-14.03.35:803][  0]LogConfig: Setting CVar [[r.Streaming.AmortizeCPUToGPUCopy:0]]
[2020.09.24-14.03.35:803][  0]LogConfig: Setting CVar [[r.Streaming.MaxNumTexturesToStreamPerFrame:0]]
[2020.09.24-14.03.35:803][  0]LogConfig: Setting CVar [[r.Streaming.Boost:1]]
[2020.09.24-14.03.35:803][  0]LogConfig: Setting CVar [[r.MaxAnisotropy:8]]
[2020.09.24-14.03.35:803][  0]LogConfig: Setting CVar [[r.VT.MaxAnisotropy:8]]
[2020.09.24-14.03.35:803][  0]LogConfig: Setting CVar [[r.Streaming.LimitPoolSizeToVRAM:0]]
[2020.09.24-14.03.35:803][  0]LogConfig: Setting CVar [[r.Streaming.PoolSize:1000]]
[2020.09.24-14.03.35:803][  0]LogConfig: Setting CVar [[r.Streaming.MaxEffectiveScreenSize:0]]
[2020.09.24-14.03.35:803][  0]LogConfig: Applying CVar settings from Section [EffectsQuality@3] File [D:/Koulu/Github repository/Pelikehityksen perusteet/PP2020/Saved/Config/Windows/Scalability.ini]
[2020.09.24-14.03.35:803][  0]LogConfig: Setting CVar [[r.TranslucencyLightingVolumeDim:64]]
[2020.09.24-14.03.35:804][  0]LogConfig: Setting CVar [[r.RefractionQuality:2]]
[2020.09.24-14.03.35:804][  0]LogConfig: Setting CVar [[r.SSR.Quality:3]]
[2020.09.24-14.03.35:804][  0]LogConfig: Setting CVar [[r.SSR.HalfResSceneColor:0]]
[2020.09.24-14.03.35:804][  0]LogConfig: Setting CVar [[r.SceneColorFormat:4]]
[2020.09.24-14.03.35:804][  0]LogConfig: Setting CVar [[r.DetailMode:2]]
[2020.09.24-14.03.35:804][  0]LogConfig: Setting CVar [[r.TranslucencyVolumeBlur:1]]
[2020.09.24-14.03.35:804][  0]LogConfig: Setting CVar [[r.MaterialQualityLevel:1 ; High quality]]
[2020.09.24-14.03.35:804][  0]LogConfig: Setting CVar [[r.SSS.Scale:1]]
[2020.09.24-14.03.35:804][  0]LogConfig: Setting CVar [[r.SSS.SampleSet:2]]
[2020.09.24-14.03.35:804][  0]LogConfig: Setting CVar [[r.SSS.Quality:1]]
[2020.09.24-14.03.35:804][  0]LogConfig: Setting CVar [[r.SSS.HalfRes:0]]
[2020.09.24-14.03.35:804][  0]LogConfig: Setting CVar [[r.SSGI.Quality:3]]
[2020.09.24-14.03.35:804][  0]LogConfig: Setting CVar [[r.EmitterSpawnRateScale:1.0]]
[2020.09.24-14.03.35:804][  0]LogConfig: Setting CVar [[r.ParticleLightQuality:2]]
[2020.09.24-14.03.35:804][  0]LogConfig: Setting CVar [[r.SkyAtmosphere.AerialPerspectiveLUT.FastApplyOnOpaque:1 ; Always have FastSkyLUT 1 in this case to avoid wrong sky]]
[2020.09.24-14.03.35:804][  0]LogConfig: Setting CVar [[r.SkyAtmosphere.AerialPerspectiveLUT.SampleCountPerSlice:1]]
[2020.09.24-14.03.35:804][  0]LogConfig: Setting CVar [[r.SkyAtmosphere.AerialPerspectiveLUT.DepthResolution:16.0]]
[2020.09.24-14.03.35:804][  0]LogConfig: Setting CVar [[r.SkyAtmosphere.FastSkyLUT:1]]
[2020.09.24-14.03.35:804][  0]LogConfig: Setting CVar [[r.SkyAtmosphere.FastSkyLUT.SampleCountMin:4.0]]
[2020.09.24-14.03.35:804][  0]LogConfig: Setting CVar [[r.SkyAtmosphere.FastSkyLUT.SampleCountMax:32.0]]
[2020.09.24-14.03.35:804][  0]LogConfig: Setting CVar [[r.SkyAtmosphere.SampleCountMin:4.0]]
[2020.09.24-14.03.35:804][  0]LogConfig: Setting CVar [[r.SkyAtmosphere.SampleCountMax:32.0]]
[2020.09.24-14.03.35:804][  0]LogConfig: Setting CVar [[r.SkyAtmosphere.TransmittanceLUT.UseSmallFormat:0]]
[2020.09.24-14.03.35:804][  0]LogConfig: Setting CVar [[r.SkyAtmosphere.TransmittanceLUT.SampleCount:10.0]]
[2020.09.24-14.03.35:804][  0]LogConfig: Setting CVar [[r.SkyAtmosphere.MultiScatteringLUT.SampleCount:15.0]]
[2020.09.24-14.03.35:804][  0]LogConfig: Applying CVar settings from Section [FoliageQuality@3] File [D:/Koulu/Github repository/Pelikehityksen perusteet/PP2020/Saved/Config/Windows/Scalability.ini]
[2020.09.24-14.03.35:804][  0]LogConfig: Setting CVar [[foliage.DensityScale:1.0]]
[2020.09.24-14.03.35:804][  0]LogConfig: Setting CVar [[grass.DensityScale:1.0]]
[2020.09.24-14.03.35:804][  0]LogConfig: Applying CVar settings from Section [ShadingQuality@3] File [D:/Koulu/Github repository/Pelikehityksen perusteet/PP2020/Saved/Config/Windows/Scalability.ini]
[2020.09.24-14.03.35:804][  0]LogConfig: Setting CVar [[r.HairStrands.SkyLighting.SampleCount:16]]
[2020.09.24-14.03.35:804][  0]LogConfig: Setting CVar [[r.HairStrands.SkyLighting.JitterIntegration:0]]
[2020.09.24-14.03.35:804][  0]LogConfig: Setting CVar [[r.HairStrands.SkyAO.SampleCount:16]]
[2020.09.24-14.03.35:804][  0]LogConfig: Setting CVar [[r.HairStrands.DeepShadow.SuperSampling:0]]
[2020.09.24-14.03.35:804][  0]LogConfig: Setting CVar [[r.HairStrands.VisibilityPPLL:0]]
[2020.09.24-14.03.35:804][  0]LogConfig: Setting CVar [[r.HairStrands.RasterizationScale:0.5]]
[2020.09.24-14.03.35:804][  0]LogConfig: Setting CVar [[r.HairStrands.VelocityRasterizationScale:1]]
[2020.09.24-14.03.35:804][  0]LogConfig: Applying CVar settings from Section [Startup] File [../../../Engine/Config/ConsoleVariables.ini]
[2020.09.24-14.03.35:804][  0]LogConfig: Setting CVar [[net.UseAdaptiveNetUpdateFrequency:0]]
[2020.09.24-14.03.35:804][  0]LogConfig: Setting CVar [[p.chaos.AllowCreatePhysxBodies:1]]
[2020.09.24-14.03.35:804][  0]LogConfig: Setting CVar [[fx.SkipVectorVMBackendOptimizations:1]]
[2020.09.24-14.03.35:804][  0]LogConfig: Applying CVar settings from Section [ConsoleVariables] File [D:/Koulu/Github repository/Pelikehityksen perusteet/PP2020/Saved/Config/Windows/Engine.ini]
[2020.09.24-14.03.35:804][  0]LogInit: Computer: DESKTOP-66GR3FO
[2020.09.24-14.03.35:805][  0]LogInit: User: VPMH
[2020.09.24-14.03.35:805][  0]LogInit: CPU Page size=4096, Cores=8
[2020.09.24-14.03.35:805][  0]LogInit: High frequency timer resolution =10.000000 MHz
[2020.09.24-14.03.35:805][  0]LogMemory: Memory total: Physical=15.9GB (16GB approx)
[2020.09.24-14.03.35:805][  0]LogMemory: Platform Memory Stats for Windows
[2020.09.24-14.03.35:805][  0]LogMemory: Process Physical Memory: 115.77 MB used, 115.77 MB peak
[2020.09.24-14.03.35:805][  0]LogMemory: Process Virtual Memory: 98.06 MB used, 98.07 MB peak
[2020.09.24-14.03.35:805][  0]LogMemory: Physical Memory: 8108.07 MB used,  8183.96 MB free, 16292.04 MB total
[2020.09.24-14.03.35:805][  0]LogMemory: Virtual Memory: 5150.55 MB used,  134212576.00 MB free, 134217728.00 MB total
[2020.09.24-14.03.35:810][  0]LogWindows: WindowsPlatformFeatures enabled
[2020.09.24-14.03.35:835][  0]LogInit: Physics initialised using underlying interface: PhysX
[2020.09.24-14.03.35:836][  0]LogInit: Using OS detected language (fi-FI).
[2020.09.24-14.03.35:836][  0]LogInit: Using OS detected locale (fi-FI).
[2020.09.24-14.03.35:837][  0]LogTextLocalizationManager: No localization for 'fi-FI' exists, so 'en' will be used for the language.
[2020.09.24-14.03.35:962][  0]LogInit: Setting process to per monitor DPI aware
[2020.09.24-14.03.35:985][  0]LogSlate: New Slate User Created.  User Index 0, Is Virtual User: 0
[2020.09.24-14.03.35:986][  0]LogSlate: Slate User Registered.  User Index 0, Is Virtual User: 0
[2020.09.24-14.03.36:101][  0]LogHMD: Failed to initialize OpenVR with code 110
[2020.09.24-14.03.36:101][  0]LogD3D11RHI: D3D11 min allowed feature level: 11_0
[2020.09.24-14.03.36:101][  0]LogD3D11RHI: D3D11 max allowed feature level: 11_0
[2020.09.24-14.03.36:101][  0]LogD3D11RHI: D3D11 adapters:
[2020.09.24-14.03.36:180][  0]LogD3D11RHI:    0. 'NVIDIA GeForce RTX 2070' (Feature Level 11_0)
[2020.09.24-14.03.36:180][  0]LogD3D11RHI:       8031/0/8146 MB DedicatedVideo/DedicatedSystem/SharedSystem, Outputs:1, VendorId:0x10de
[2020.09.24-14.03.36:182][  0]LogD3D11RHI:    1. 'Microsoft Basic Render Driver' (Feature Level 11_0)
[2020.09.24-14.03.36:182][  0]LogD3D11RHI:       0/0/8146 MB DedicatedVideo/DedicatedSystem/SharedSystem, Outputs:0, VendorId:0x1414
[2020.09.24-14.03.36:182][  0]LogD3D11RHI: Chosen D3D11 Adapter: 0
[2020.09.24-14.03.36:189][  0]LogD3D11RHI: Creating new Direct3DDevice
[2020.09.24-14.03.36:189][  0]LogD3D11RHI:     GPU DeviceId: 0x1f07 (for the marketing name, search the web for "GPU Device Id")
[2020.09.24-14.03.36:189][  0]LogWindows: EnumDisplayDevices:
[2020.09.24-14.03.36:189][  0]LogWindows:    0. 'NVIDIA GeForce RTX 2070' (P:1 D:1)
[2020.09.24-14.03.36:190][  0]LogWindows:    1. 'NVIDIA GeForce RTX 2070' (P:0 D:0)
[2020.09.24-14.03.36:190][  0]LogWindows:    2. 'NVIDIA GeForce RTX 2070' (P:0 D:0)
[2020.09.24-14.03.36:190][  0]LogWindows:    3. 'NVIDIA GeForce RTX 2070' (P:0 D:0)
[2020.09.24-14.03.36:190][  0]LogWindows: DebugString: FoundDriverCount:4 
[2020.09.24-14.03.36:190][  0]LogD3D11RHI:     Adapter Name: NVIDIA GeForce RTX 2070
[2020.09.24-14.03.36:190][  0]LogD3D11RHI:   Driver Version: 452.06 (internal:27.21.14.5206, unified:452.06)
[2020.09.24-14.03.36:190][  0]LogD3D11RHI:      Driver Date: 8-12-2020
[2020.09.24-14.03.36:190][  0]LogRHI: Texture pool is 5621 MB (70% of 8031 MB)
[2020.09.24-14.03.36:230][  0]LogD3D11RHI: RHI has support for 64 bit atomics
[2020.09.24-14.03.36:232][  0]LogD3D11RHI: [Aftermath] Enabled and primed
[2020.09.24-14.03.36:232][  0]LogD3D11RHI: Async texture creation enabled
[2020.09.24-14.03.36:232][  0]LogD3D11RHI: Array index from any shader is supported
[2020.09.24-14.03.36:245][  0]LogD3D11RHI: GPU Timing Frequency: 1000.000000 (Debug: 2 1)
[2020.09.24-14.03.36:452][  0]LogTargetPlatformManager: Display: Loaded TargetPlatform 'AllDesktop'
[2020.09.24-14.03.36:469][  0]LogTargetPlatformManager: Display: Loaded TargetPlatform 'Android'
[2020.09.24-14.03.36:469][  0]LogTargetPlatformManager: Display: Loaded TargetPlatform 'Android_ASTC'
[2020.09.24-14.03.36:470][  0]LogTargetPlatformManager: Display: Loaded TargetPlatform 'Android_DXT'
[2020.09.24-14.03.36:470][  0]LogTargetPlatformManager: Display: Loaded TargetPlatform 'Android_ETC2'
[2020.09.24-14.03.36:470][  0]LogTargetPlatformManager: Display: Loaded TargetPlatform 'AndroidClient'
[2020.09.24-14.03.36:470][  0]LogTargetPlatformManager: Display: Loaded TargetPlatform 'Android_ASTCClient'
[2020.09.24-14.03.36:470][  0]LogTargetPlatformManager: Display: Loaded TargetPlatform 'Android_DXTClient'
[2020.09.24-14.03.36:470][  0]LogTargetPlatformManager: Display: Loaded TargetPlatform 'Android_ETC2Client'
[2020.09.24-14.03.36:470][  0]LogTargetPlatformManager: Display: Loaded TargetPlatform 'Android_Multi'
[2020.09.24-14.03.36:470][  0]LogTargetPlatformManager: Display: Loaded TargetPlatform 'Android_MultiClient'
[2020.09.24-14.03.36:489][  0]LogTargetPlatformManager: Display: Loaded TargetPlatform 'IOSClient'
[2020.09.24-14.03.36:489][  0]LogTargetPlatformManager: Display: Loaded TargetPlatform 'IOS'
[2020.09.24-14.03.36:497][  0]LogTargetPlatformManager: Display: Loaded TargetPlatform 'Linux'
[2020.09.24-14.03.36:505][  0]LogTargetPlatformManager: Display: Loaded TargetPlatform 'LinuxNoEditor'
[2020.09.24-14.03.36:512][  0]LogTargetPlatformManager: Display: Loaded TargetPlatform 'LinuxClient'
[2020.09.24-14.03.36:520][  0]LogTargetPlatformManager: Display: Loaded TargetPlatform 'LinuxServer'
[2020.09.24-14.03.36:527][  0]LogTargetPlatformManager: Display: Loaded TargetPlatform 'LinuxAArch64NoEditor'
[2020.09.24-14.03.36:534][  0]LogTargetPlatformManager: Display: Loaded TargetPlatform 'LinuxAArch64Client'
[2020.09.24-14.03.36:541][  0]LogTargetPlatformManager: Display: Loaded TargetPlatform 'LinuxAArch64Server'
[2020.09.24-14.03.36:561][  0]LogTargetPlatformManager: Display: Loaded TargetPlatform 'Lumin'
[2020.09.24-14.03.36:561][  0]LogTargetPlatformManager: Display: Loaded TargetPlatform 'LuminClient'
[2020.09.24-14.03.36:573][  0]LogTargetPlatformManager: Display: Loaded TargetPlatform 'TVOSClient'
[2020.09.24-14.03.36:573][  0]LogTargetPlatformManager: Display: Loaded TargetPlatform 'TVOS'
[2020.09.24-14.03.36:581][  0]LogTargetPlatformManager: Display: Loaded TargetPlatform 'WindowsNoEditor'
[2020.09.24-14.03.36:588][  0]LogTargetPlatformManager: Display: Loaded TargetPlatform 'Windows'
[2020.09.24-14.03.36:595][  0]LogTargetPlatformManager: Display: Loaded TargetPlatform 'WindowsClient'
[2020.09.24-14.03.36:602][  0]LogTargetPlatformManager: Display: Loaded TargetPlatform 'WindowsServer'
[2020.09.24-14.03.36:602][  0]LogTargetPlatformManager: Display: Building Assets For Windows
[2020.09.24-14.03.36:608][  0]LogAudioDebug: Display: Lib vorbis DLL was dynamically loaded.
[2020.09.24-14.03.36:653][  0]LogShaderCompilers: Guid format shader working directory is -29 characters bigger than the processId version (../../../../../../Koulu/Github repository/Pelikehityksen perusteet/PP2020/Intermediate/Shaders/WorkingDirectory/20616/).
[2020.09.24-14.03.36:653][  0]LogShaderCompilers: Cleaned the shader compiler working directory 'C:/Users/VPMH/AppData/Local/Temp/UnrealShaderWorkingDir/9081FFC1488538E974D9868BCA2A9A6F/'.
[2020.09.24-14.03.36:653][  0]LogXGEController: Cannot use XGE Controller as Incredibuild is not installed on this machine.
[2020.09.24-14.03.36:653][  0]LogShaderCompilers: Cannot use XGE Shader Compiler as Incredibuild is not installed on this machine.
[2020.09.24-14.03.36:653][  0]LogShaderCompilers: Display: Using Local Shader Compiler.
[2020.09.24-14.03.37:275][  0]LogDerivedDataCache: Display: Max Cache Size: 512 MB
[2020.09.24-14.03.37:321][  0]LogDerivedDataCache: Loaded boot cache 0.05s 75MB C:/Users/VPMH/AppData/Local/UnrealEngine/4.25/DerivedDataCache/Boot.ddc.
[2020.09.24-14.03.37:321][  0]LogDerivedDataCache: Display: Loaded Boot cache: C:/Users/VPMH/AppData/Local/UnrealEngine/4.25/DerivedDataCache/Boot.ddc
[2020.09.24-14.03.37:321][  0]LogDerivedDataCache: FDerivedDataBackendGraph:  Pak pak cache file ../../../../../../Koulu/Github repository/Pelikehityksen perusteet/PP2020/DerivedDataCache/DDC.ddp not found, will not use a pak cache.
[2020.09.24-14.03.37:321][  0]LogDerivedDataCache: Unable to find inner node Pak for hierarchical cache Hierarchy.
[2020.09.24-14.03.37:321][  0]LogDerivedDataCache: FDerivedDataBackendGraph:  CompressedPak pak cache file ../../../../../../Koulu/Github repository/Pelikehityksen perusteet/PP2020/DerivedDataCache/Compressed.ddp not found, will not use a pak cache.
[2020.09.24-14.03.37:321][  0]LogDerivedDataCache: Unable to find inner node CompressedPak for hierarchical cache Hierarchy.
[2020.09.24-14.03.37:330][  0]LogDerivedDataCache: Display: Pak cache opened for reading ../../../Engine/DerivedDataCache/Compressed.ddp.
[2020.09.24-14.03.37:330][  0]LogDerivedDataCache: FDerivedDataBackendGraph:  EnterprisePak pak cache file ../../../Enterprise/DerivedDataCache/Compressed.ddp not found, will not use a pak cache.
[2020.09.24-14.03.37:330][  0]LogDerivedDataCache: Unable to find inner node EnterprisePak for hierarchical cache Hierarchy.
[2020.09.24-14.03.37:331][  0]LogDerivedDataCache: Using Local data cache path C:/Users/VPMH/AppData/Local/UnrealEngine/Common/DerivedDataCache: Writable
[2020.09.24-14.03.37:331][  0]LogDerivedDataCache: Shared data cache path not found in *engine.ini, will not use an Shared cache.
[2020.09.24-14.03.37:331][  0]LogDerivedDataCache: Unable to find inner node Shared for hierarchical cache Hierarchy.
[2020.09.24-14.03.37:374][  0]LogSlate: Using FreeType 2.10.0
[2020.09.24-14.03.37:374][  0]LogSlate: SlateFontServices - WITH_FREETYPE: 1, WITH_HARFBUZZ: 1
[2020.09.24-14.03.37:391][  0]LogAssetRegistry: FAssetRegistry took 0.0021 seconds to start up
[2020.09.24-14.03.37:577][  0]LogInit: Selected Device Profile: [Windows]
[2020.09.24-14.03.37:662][  0]LogMeshReduction: Using QuadricMeshReduction for automatic static mesh reduction
[2020.09.24-14.03.37:662][  0]LogMeshReduction: Using SimplygonMeshReduction for automatic skeletal mesh reduction
[2020.09.24-14.03.37:662][  0]LogMeshReduction: Using ProxyLODMeshReduction for automatic mesh merging
[2020.09.24-14.03.37:662][  0]LogMeshReduction: No distributed automatic mesh merging module available
[2020.09.24-14.03.37:662][  0]LogMeshMerging: No distributed automatic mesh merging module available
[2020.09.24-14.03.37:673][  0]LogNetVersion: PP2020 1.0.0, NetCL: 13144385, EngineNetVer: 14, GameNetVer: 0 (Checksum: 2937100563)
[2020.09.24-14.03.37:974][  0]LogAISub: UAISubsystem::UAISubsystem AISubsystem (0000012EFB275B80), frame # 0
[2020.09.24-14.03.37:974][  0]LogAISub: UAISubsystem::UAISubsystem AIPerceptionSystem (0000012EFB1D2980), frame # 0
[2020.09.24-14.03.37:975][  0]LogAISub: UAISubsystem::UAISubsystem EnvQueryManager (0000012EFB234A00), frame # 0
[2020.09.24-14.03.37:999][  0]LogPackageLocalizationCache: Processed 19 localized package path(s) for 1 prioritized culture(s) in 0.018865 seconds
[2020.09.24-14.03.38:003][  0]LogUObjectArray: 15917 objects as part of root set at end of initial load.
[2020.09.24-14.03.38:003][  0]LogUObjectAllocator: 3965568 out of 0 bytes used by permanent object pool.
[2020.09.24-14.03.38:003][  0]LogUObjectArray: CloseDisregardForGC: 0/0 objects in disregard for GC pool
[2020.09.24-14.03.38:256][  0]LogTcpMessaging: Initializing TcpMessaging bridge
[2020.09.24-14.03.38:259][  0]LogUdpMessaging: Initializing bridge on interface 0.0.0.0:0 to multicast group 230.0.0.1:6666.
[2020.09.24-14.03.38:317][  0]SourceControl: Source control is disabled
[2020.09.24-14.03.38:318][  0]LogWindows: Warning: CreateProc failed: Määritettyä tiedostoa ei löydy. (0x00000002)
[2020.09.24-14.03.38:318][  0]LogWindows: Warning: URL: C:/Program Files/Git/bin/git.exe version
[2020.09.24-14.03.38:318][  0]LogWindows: Warning: CreateProc failed: Määritettyä tiedostoa ei löydy. (0x00000002)
[2020.09.24-14.03.38:318][  0]LogWindows: Warning: URL: C:/Program Files (x86)/Git/bin/git.exe version
[2020.09.24-14.03.38:318][  0]LogWindows: Warning: CreateProc failed: Määritettyä tiedostoa ei löydy. (0x00000002)
[2020.09.24-14.03.38:318][  0]LogWindows: Warning: URL: C:\Users\VPMH\AppData\Local/Programs/Git/cmd/git.exe version
[2020.09.24-14.03.38:318][  0]LogWindows: Warning: CreateProc failed: Määritettyä tiedostoa ei löydy. (0x00000002)
[2020.09.24-14.03.38:318][  0]LogWindows: Warning: URL: C:/Program Files (x86)/SmartGit/git/bin/git.exe version
[2020.09.24-14.03.38:318][  0]LogWindows: Warning: CreateProc failed: Määritettyä tiedostoa ei löydy. (0x00000002)
[2020.09.24-14.03.38:318][  0]LogWindows: Warning: URL: C:/Program Files (x86)/SmartGit/bin/git.exe version
[2020.09.24-14.03.38:704][  0]LogVSAccessor: Display: Unable to create Visual Studio setup instance: 80040154
[2020.09.24-14.03.38:705][  0]LogVSAccessor: Display: Unable to create Visual Studio setup instance: 80040154
[2020.09.24-14.03.38:877][  0]LogAndroidPermission: UAndroidPermissionCallbackProxy::GetInstance
[2020.09.24-14.03.38:892][  0]LogAudioCaptureCore: Display: No Audio Capture implementations found. Audio input will be silent.
[2020.09.24-14.03.38:892][  0]LogAudioCaptureCore: Display: No Audio Capture implementations found. Audio input will be silent.
[2020.09.24-14.03.38:929][  0]LogOcInput: OculusInput pre-init called
[2020.09.24-14.03.38:937][  0]LogWindows: Failed to load 'OVRPlugin.dll' (GetLastError=126)
[2020.09.24-14.03.38:937][  0]LogWindows: File 'OVRPlugin.dll' does not exist
[2020.09.24-14.03.38:990][  0]LogEngine: Initializing Engine...
[2020.09.24-14.03.38:991][  0]LogHMD: Failed to initialize OpenVR with code 110
[2020.09.24-14.03.38:991][  0]LogMagicLeap: Warning: VR disabled because ZI is not enabled.  To enable, in the editor, Edit -> Project Settings -> Plugins -> Magic Leap Plugin -> Enable Zero Iteration
[2020.09.24-14.03.38:992][  0]LogStats: UGameplayTagsManager::InitializeManager -  0.000 s
[2020.09.24-14.03.39:075][  0]LogInit: Initializing FReadOnlyCVARCache
[2020.09.24-14.03.39:081][  0]LogAIModule: Creating AISystem for world Untitled
[2020.09.24-14.03.39:081][  0]LogAISub: UAISubsystem::UAISubsystem EnvQueryManager (0000012EFD857C00), frame # 0
[2020.09.24-14.03.39:081][  0]LogAISub: UAISubsystem::UAISubsystem AIPerceptionSystem (0000012EFD8B4680), frame # 0
[2020.09.24-14.03.39:090][  0]LogAudioMixer: Display: Audio Mixer Platform Settings:
[2020.09.24-14.03.39:091][  0]LogAudioMixer: Display: 	Sample Rate:						  48000
[2020.09.24-14.03.39:091][  0]LogAudioMixer: Display: 	Callback Buffer Frame Size Requested: 1024
[2020.09.24-14.03.39:091][  0]LogAudioMixer: Display: 	Callback Buffer Frame Size To Use:	  1024
[2020.09.24-14.03.39:091][  0]LogAudioMixer: Display: 	Number of buffers to queue:			  2
[2020.09.24-14.03.39:091][  0]LogAudioMixer: Display: 	Max Channels (voices):				  32
[2020.09.24-14.03.39:091][  0]LogAudioMixer: Display: 	Number of Async Source Workers:		  0
[2020.09.24-14.03.39:091][  0]LogAudio: Display: AudioDevice MaxSources: 32
[2020.09.24-14.03.39:091][  0]LogAudio: Display: Using built-in audio occlusion.
[2020.09.24-14.03.39:091][  0]LogAudioMixer: Display: Initializing audio mixer.
[2020.09.24-14.03.39:099][  0]LogAudioMixer: Display: 0: FrontLeft
[2020.09.24-14.03.39:099][  0]LogAudioMixer: Display: 1: FrontRight
[2020.09.24-14.03.39:125][  0]LogAudioMixer: Display: Using Audio Device Kaiuttimet (2–GXT 383 Gaming Headset)
[2020.09.24-14.03.39:128][  0]LogAudioMixer: Display: Initializing Sound Submixes...
[2020.09.24-14.03.39:130][  0]LogAudioMixer: Display: Creating Master Submix 'MasterSubmixDefault'
[2020.09.24-14.03.39:130][  0]LogAudioMixer: Display: Creating Master Submix 'MasterReverbSubmixDefault'
[2020.09.24-14.03.39:130][  0]LogAudioMixer: Display: Creating Master Submix 'MasterEQSubmixDefault'
[2020.09.24-14.03.39:131][  0]LogInit: FAudioDevice initialized.
[2020.09.24-14.03.39:131][  0]LogNetVersion: Set ProjectVersion to 1.0.0.0. Version Checksum will be recalculated on next use.
[2020.09.24-14.03.39:200][  0]LogDerivedDataCache: Saved boot cache 0.07s 75MB C:/Users/VPMH/AppData/Local/UnrealEngine/4.25/DerivedDataCache/Boot.ddc.
[2020.09.24-14.03.39:201][  0]LogInit: Texture streaming: Enabled
[2020.09.24-14.03.39:213][  0]LogEngineSessionManager: EngineSessionManager initialized
[2020.09.24-14.03.39:213][  0]LogEditorSessionSummary: Verbose: Initializing EditorSessionSummaryWriter for editor session tracking
[2020.09.24-14.03.39:216][  0]LogEditorSessionSummary: EditorSessionSummaryWriter initialized
[2020.09.24-14.03.39:248][  0]LogInit: Transaction tracking system initialized
[2020.09.24-14.03.39:264][  0]BlueprintLog: New page: Editor Load
[2020.09.24-14.03.39:316][  0]LocalizationService: Localization service is disabled
[2020.09.24-14.03.39:373][  0]LogVSAccessor: Display: Unable to create Visual Studio setup instance: 80040154
[2020.09.24-14.03.39:374][  0]LogVSAccessor: Display: Unable to create Visual Studio setup instance: 80040154
[2020.09.24-14.03.39:421][  0]LogCook: Display: Max memory allowance for cook 16384mb min free memory 0mb
[2020.09.24-14.03.39:422][  0]LogCook: Display: Mobile HDR setting 1
[2020.09.24-14.03.39:518][  0]LogFileCache: Scanning file cache for directory 'D:/Koulu/Github repository/Pelikehityksen perusteet/PP2020/Content/' took 0.00s
[2020.09.24-14.03.39:650][  0]LogUnrealEdMisc: Loading editor; pre map load, took 5.308
[2020.09.24-14.03.39:650][  0]Cmd: MAP LOAD FILE="../../../Engine/Content/Maps/Templates/Template_Default.umap" TEMPLATE=1 SHOWPROGRESS=1 FEATURELEVEL=3
[2020.09.24-14.03.39:650][  0]LightingResults: New page: Lighting Build
[2020.09.24-14.03.39:651][  0]LogWorld: UWorld::CleanupWorld for Untitled, bSessionEnded=true, bCleanupResources=true
[2020.09.24-14.03.39:651][  0]LogSlate: InvalidateAllWidgets triggered.  All widgets were invalidated
[2020.09.24-14.03.39:651][  0]MapCheck: New page: Map Check
[2020.09.24-14.03.39:651][  0]LightingResults: New page: Lighting Build
[2020.09.24-14.03.39:669][  0]LogAISub: UAISubsystem::~UAISubsystem EnvQueryManager (0000012EFD857C00), frame # 0
[2020.09.24-14.03.39:670][  0]LogAISub: UAISubsystem::~UAISubsystem AIPerceptionSystem (0000012EFD8B4680), frame # 0
[2020.09.24-14.03.39:670][  0]LogUObjectHash: Compacting FUObjectHashTables data took   0.62ms
[2020.09.24-14.03.39:719][  0]LogAIModule: Creating AISystem for world Untitled_1
[2020.09.24-14.03.39:719][  0]LogAISub: UAISubsystem::UAISubsystem EnvQueryManager (0000012E8932D800), frame # 0
[2020.09.24-14.03.39:720][  0]LogAISub: UAISubsystem::UAISubsystem AIPerceptionSystem (0000012E89455BC0), frame # 0
[2020.09.24-14.03.39:722][  0]LogEditorServer: Finished looking for orphan Actors (0.000 secs)
[2020.09.24-14.03.39:732][  0]LogUObjectHash: Compacting FUObjectHashTables data took   0.77ms
[2020.09.24-14.03.39:732][  0]Cmd: MAP CHECKDEP NOCLEARLOG
[2020.09.24-14.03.39:733][  0]MapCheck: Map check complete: 0 Error(s), 0 Warning(s), took 0,093ms to complete.
[2020.09.24-14.03.39:733][  0]LogFileHelpers: Loading map 'Template_Default' took 0.083
[2020.09.24-14.03.39:734][  0]LogUnrealEdMisc: Total Editor Startup Time, took 5.392
[2020.09.24-14.03.39:845][  0]LogSlate: Updating window title bar state: overlay mode, drag disabled, window buttons hidden, title bar hidden
[2020.09.24-14.03.39:850][  0]LogSlate: Updating window title bar state: overlay mode, drag disabled, window buttons hidden, title bar hidden
[2020.09.24-14.03.39:855][  0]LogSlate: Updating window title bar state: overlay mode, drag disabled, window buttons hidden, title bar hidden
[2020.09.24-14.03.39:860][  0]LogSlate: Updating window title bar state: overlay mode, drag disabled, window buttons hidden, title bar hidden
[2020.09.24-14.03.39:867][  0]LogCollectionManager: Loaded 0 collections in 0.001211 seconds
[2020.09.24-14.03.39:879][  0]LogFileCache: Scanning file cache for directory 'D:/Koulu/Github repository/Pelikehityksen perusteet/PP2020/Saved/Collections/' took 0.00s
[2020.09.24-14.03.39:879][  0]LogFileCache: Scanning file cache for directory 'D:/Koulu/Github repository/Pelikehityksen perusteet/PP2020/Content/Developers/VPMH/Collections/' took 0.00s
[2020.09.24-14.03.39:879][  0]LogFileCache: Scanning file cache for directory 'D:/Koulu/Github repository/Pelikehityksen perusteet/PP2020/Content/Collections/' took 0.00s
[2020.09.24-14.03.39:879][  0]LogContentBrowser: Native class hierarchy populated in 0.0081 seconds. Added 3427 classes and 821 folders.
[2020.09.24-14.03.39:881][  0]LogContentBrowser: Native class hierarchy updated for 'WidgetCarousel' in 0.0002 seconds. Added 0 classes and 0 folders.
[2020.09.24-14.03.39:939][  0]LogContentBrowser: Native class hierarchy updated for 'AddContentDialog' in 0.0002 seconds. Added 0 classes and 0 folders.
[2020.09.24-14.03.39:939][  0]LogContentBrowser: Native class hierarchy updated for 'SceneOutliner' in 0.0001 seconds. Added 2 classes and 0 folders.
[2020.09.24-14.03.40:017][  0]LogSlate: Took 0.000116 seconds to synchronously load lazily loaded font '../../../Engine/Content/Slate/Fonts/Roboto-Regular.ttf' (155K)
[2020.09.24-14.03.40:018][  0]LogSlate: Took 0.000096 seconds to synchronously load lazily loaded font '../../../Engine/Content/Slate/Fonts/Roboto-Bold.ttf' (160K)
[2020.09.24-14.03.40:021][  0]LogSlate: Took 0.000128 seconds to synchronously load lazily loaded font '../../../Engine/Content/Editor/Slate/Fonts/FontAwesome.ttf' (139K)
[2020.09.24-14.03.40:074][  0]LogRenderer: Reallocating scene render targets to support 1816x992 Format 10 NumSamples 1 (Frame:1).
[2020.09.24-14.03.40:131][  0]LogContentBrowser: Native class hierarchy updated for 'HierarchicalLODOutliner' in 0.0002 seconds. Added 0 classes and 0 folders.
[2020.09.24-14.03.40:131][  0]LogLoad: (Engine Initialization) Total time: 5.79 seconds
[2020.09.24-14.03.40:132][  0]LogLoad: (Engine Initialization) Total Blueprint compile time: 0.00 seconds
[2020.09.24-14.03.40:162][  0]LogAssetRegistry: Asset discovery search completed in 2.7710 seconds
[2020.09.24-14.03.40:165][  0]LogCollectionManager: Fixed up redirectors for 0 collections in 0.000002 seconds (updated 0 objects)
[2020.09.24-14.03.40:165][  0]LogContentStreaming: Texture pool size now 1000 MB
[2020.09.24-14.03.45:558][602]LogSlate: Took 0.000155 seconds to synchronously load lazily loaded font '../../../Engine/Content/Slate/Fonts/Roboto-Light.ttf' (167K)
[2020.09.24-14.03.45:584][602]LogAssetEditorSubsystem: Opening Asset editor for World /Game/Levels/MainMenu.MainMenu
[2020.09.24-14.03.45:596][602]LogUObjectHash: Compacting FUObjectHashTables data took   0.76ms
[2020.09.24-14.03.45:597][602]Cmd: MAP LOAD FILE="../../../../../../Koulu/Github repository/Pelikehityksen perusteet/PP2020/Content/Levels/MainMenu.umap" TEMPLATE=0 SHOWPROGRESS=1 FEATURELEVEL=3
[2020.09.24-14.03.45:598][602]LightingResults: New page: Lighting Build
[2020.09.24-14.03.45:598][602]LoadErrors: New page: Loading map: MainMenu.umap
[2020.09.24-14.03.45:639][602]LogWorld: UWorld::CleanupWorld for Untitled_1, bSessionEnded=true, bCleanupResources=true
[2020.09.24-14.03.45:639][602]LogSlate: InvalidateAllWidgets triggered.  All widgets were invalidated
[2020.09.24-14.03.45:639][602]MapCheck: New page: Map Check
[2020.09.24-14.03.45:639][602]LightingResults: New page: Lighting Build
[2020.09.24-14.03.45:649][602]LogAISub: UAISubsystem::~UAISubsystem EnvQueryManager (0000012E8932D800), frame # 602
[2020.09.24-14.03.45:650][602]LogAISub: UAISubsystem::~UAISubsystem AIPerceptionSystem (0000012E89455BC0), frame # 602
[2020.09.24-14.03.45:650][602]LogUObjectHash: Compacting FUObjectHashTables data took   0.58ms
[2020.09.24-14.03.45:691][602]LogEditorServer: Finished looking for orphan Actors (0.000 secs)
[2020.09.24-14.03.45:691][602]LogAIModule: Creating AISystem for world MainMenu
[2020.09.24-14.03.45:691][602]LogAISub: UAISubsystem::UAISubsystem EnvQueryManager (0000012EB9A59200), frame # 602
[2020.09.24-14.03.45:691][602]LogAISub: UAISubsystem::UAISubsystem AIPerceptionSystem (0000012EB206E480), frame # 602
[2020.09.24-14.03.45:701][602]LogUObjectHash: Compacting FUObjectHashTables data took   0.51ms
[2020.09.24-14.03.45:716][602]Cmd: MAP CHECKDEP NOCLEARLOG
[2020.09.24-14.03.45:716][602]MapCheck: Map check complete: 0 Error(s), 0 Warning(s), took 0,047ms to complete.
[2020.09.24-14.03.45:716][602]LogFileHelpers: Loading map 'MainMenu' took 0.118
[2020.09.24-14.03.47:391][796]LogTemp: Repeating last play command: New Editor Window (PIE)
[2020.09.24-14.03.47:401][796]LogPlayLevel: PlayLevel: No blueprints needed recompiling
[2020.09.24-14.03.47:401][796]PIE: New page: PIE session: MainMenu (24.9.2020 klo 20.03.47)
[2020.09.24-14.03.47:402][796]LogOnline: OSS: Creating online subsystem instance for: NULL
[2020.09.24-14.03.47:403][796]LogOnline: OSS: TryLoadSubsystemAndSetDefault: Loaded subsystem for module [NULL]
[2020.09.24-14.03.47:403][796]LogPlayLevel: Creating play world package: /Game/Levels/UEDPIE_0_MainMenu
[2020.09.24-14.03.47:404][796]LogPlayLevel: PIE: StaticDuplicateObject took: (0.000772s)
[2020.09.24-14.03.47:404][796]LogAIModule: Creating AISystem for world MainMenu
[2020.09.24-14.03.47:404][796]LogAISub: UAISubsystem::UAISubsystem EnvQueryManager (0000012E97969200), frame # 796
[2020.09.24-14.03.47:404][796]LogAISub: UAISubsystem::UAISubsystem AIPerceptionSystem (0000012EB20879C0), frame # 796
[2020.09.24-14.03.47:404][796]LogPlayLevel: PIE: World Init took: (0.000811s)
[2020.09.24-14.03.47:404][796]LogPlayLevel: PIE: Created PIE world by copying editor world from /Game/Levels/MainMenu.MainMenu to /Game/Levels/UEDPIE_0_MainMenu.MainMenu (0.001688s)
[2020.09.24-14.03.47:413][796]LogUObjectHash: Compacting FUObjectHashTables data took   0.51ms
[2020.09.24-14.03.47:414][796]LogAudioMixer: Display: Audio Mixer Platform Settings:
[2020.09.24-14.03.47:414][796]LogAudioMixer: Display: 	Sample Rate:						  48000
[2020.09.24-14.03.47:414][796]LogAudioMixer: Display: 	Callback Buffer Frame Size Requested: 1024
[2020.09.24-14.03.47:414][796]LogAudioMixer: Display: 	Callback Buffer Frame Size To Use:	  1024
[2020.09.24-14.03.47:414][796]LogAudioMixer: Display: 	Number of buffers to queue:			  2
[2020.09.24-14.03.47:414][796]LogAudioMixer: Display: 	Max Channels (voices):				  32
[2020.09.24-14.03.47:414][796]LogAudioMixer: Display: 	Number of Async Source Workers:		  0
[2020.09.24-14.03.47:414][796]LogAudio: Display: AudioDevice MaxSources: 32
[2020.09.24-14.03.47:415][796]LogAudio: Display: Using built-in audio occlusion.
[2020.09.24-14.03.47:415][796]LogAudioMixer: Display: Initializing audio mixer.
[2020.09.24-14.03.47:418][796]LogAudioMixer: Display: 0: FrontLeft
[2020.09.24-14.03.47:418][796]LogAudioMixer: Display: 1: FrontRight
[2020.09.24-14.03.47:430][796]LogAudioMixer: Display: Using Audio Device Kaiuttimet (2–GXT 383 Gaming Headset)
[2020.09.24-14.03.47:430][796]LogAudioMixer: Display: Initializing Sound Submixes...
[2020.09.24-14.03.47:430][796]LogAudioMixer: Display: Creating Master Submix 'MasterSubmixDefault'
[2020.09.24-14.03.47:430][796]LogAudioMixer: Display: Creating Master Submix 'MasterReverbSubmixDefault'
[2020.09.24-14.03.47:430][796]LogAudioMixer: Display: Creating Master Submix 'MasterEQSubmixDefault'
[2020.09.24-14.03.47:440][796]LogInit: FAudioDevice initialized.
[2020.09.24-14.03.47:491][796]LogSlate: Updating window title bar state: overlay mode, drag disabled, window buttons hidden, title bar hidden
[2020.09.24-14.03.47:492][796]LogLoad: Game class is 'GameModeBase'
[2020.09.24-14.03.47:492][796]LogWorld: Bringing World /Game/Levels/UEDPIE_0_MainMenu.MainMenu up for play (max tick rate 0) at 2020.09.24-17.03.47
[2020.09.24-14.03.47:492][796]LogWorld: Bringing up level for play took: 0.000254
[2020.09.24-14.03.47:493][796]LogOnline: OSS: Creating online subsystem instance for: :Context_1
[2020.09.24-14.03.47:495][796]LogContentBrowser: Native class hierarchy updated for 'MovieSceneCapture' in 0.0003 seconds. Added 20 classes and 0 folders.
[2020.09.24-14.03.47:497][796]PIE: Server logged in
[2020.09.24-14.03.47:497][796]PIE: Play in editor total start time 0,098 seconds.
[2020.09.24-14.04.25:919][352]LogSlate: Window 'PP2020 Preview [NetMode: Standalone] (64-bit/Windows) ' being destroyed
[2020.09.24-14.04.25:923][352]LogWorld: BeginTearingDown for /Game/Levels/UEDPIE_0_MainMenu
[2020.09.24-14.04.25:950][352]LogWorld: UWorld::CleanupWorld for MainMenu, bSessionEnded=true, bCleanupResources=true
[2020.09.24-14.04.25:950][352]LogSlate: InvalidateAllWidgets triggered.  All widgets were invalidated
[2020.09.24-14.04.25:957][352]LogPlayLevel: Display: Shutting down PIE online subsystems
[2020.09.24-14.04.25:958][352]LogSlate: InvalidateAllWidgets triggered.  All widgets were invalidated
[2020.09.24-14.04.25:980][352]LogAISub: UAISubsystem::~UAISubsystem AIPerceptionSystem (0000012EB20879C0), frame # 5352
[2020.09.24-14.04.25:980][352]LogAISub: UAISubsystem::~UAISubsystem EnvQueryManager (0000012E97969200), frame # 5352
[2020.09.24-14.04.25:980][352]LogUObjectHash: Compacting FUObjectHashTables data took   0.55ms
[2020.09.24-14.04.26:027][354]LogPlayLevel: Display: Destroying online subsystem :Context_1
[2020.09.24-14.04.31:362][968]LogAssetEditorSubsystem: Opening Asset editor for LevelScriptBlueprint /Game/Levels/MainMenu.MainMenu:PersistentLevel.MainMenu
[2020.09.24-14.04.31:521][968]LogContentBrowser: Native class hierarchy updated for 'BlueprintGraph' in 0.0005 seconds. Added 125 classes and 0 folders.
[2020.09.24-14.04.32:143][968]LogSlate: Took 0.000176 seconds to synchronously load lazily loaded font '../../../Engine/Content/Slate/Fonts/Roboto-BoldCondensed.ttf' (158K)
[2020.09.24-14.04.32:168][969]LogSlate: Took 0.000181 seconds to synchronously load lazily loaded font '../../../Engine/Content/Slate/Fonts/Roboto-Italic.ttf' (157K)
[2020.09.24-14.04.36:769][498]LogAssetEditorSubsystem: Opening Asset editor for WidgetBlueprint /Game/Blueprints/MainMenuGUI.MainMenuGUI
[2020.09.24-14.20.33:234][896]LogSlate: Took 0.001270 seconds to synchronously load lazily loaded font '../../../Engine/Content/Slate/Fonts/DroidSansFallback.ttf' (3848K)
[2020.09.24-14.23.41:208][ 18]Cmd: OBJ SAVEPACKAGE PACKAGE="/Game/Blueprints/MainMenuGUI" FILE="../../../../../../Koulu/Github repository/Pelikehityksen perusteet/PP2020/Content/Blueprints/MainMenuGUI.uasset" SILENT=true
[2020.09.24-14.23.41:231][ 18]LogSavePackage: Moving '../../../../../../Koulu/Github repository/Pelikehityksen perusteet/PP2020/Saved/MainMenuGUICBF07D39453A68FFFEF0CB9F4FA3F2C3.tmp' to '../../../../../../Koulu/Github repository/Pelikehityksen perusteet/PP2020/Content/Blueprints/MainMenuGUI.uasset'
[2020.09.24-14.23.41:241][ 18]AssetCheck: New page: Asset Save: MainMenuGUI
[2020.09.24-14.23.41:241][ 18]LogContentValidation: Display: Validating WidgetBlueprint /Game/Blueprints/MainMenuGUI.MainMenuGUI
[2020.09.24-14.23.41:763][ 80]BlueprintLog: New page: Compile MainMenuGUI
[2020.09.24-14.23.41:811][ 80]LogUObjectHash: Compacting FUObjectHashTables data took   4.11ms
[2020.09.24-14.26.03:230][860]LogUObjectHash: Compacting FUObjectHashTables data took   2.74ms
[2020.09.24-14.26.03:258][860]LogSavePackage: Moving '../../../../../../Koulu/Github repository/Pelikehityksen perusteet/PP2020/Saved/MainMenuEA0BCCEB4C9E644BB99C53BDB6063676.tmp' to '../../../../../../Koulu/Github repository/Pelikehityksen perusteet/PP2020/Content/Levels/MainMenu.umap'
[2020.09.24-14.26.03:274][860]LogFileHelpers: Saving map 'MainMenu' took 0.067
[2020.09.24-14.26.03:283][860]AssetCheck: New page: Asset Save: MainMenu
[2020.09.24-14.26.03:283][860]LogContentValidation: Display: Validating World /Game/Levels/MainMenu.MainMenu
[2020.09.24-14.26.03:874][928]BlueprintLog: New page: Compile MainMenu
[2020.09.24-14.26.03:875][928]LogBlueprint: Error: [Compiler PersistentLevel.MainMenu] Event Dispatcher pin is not connected  Bind Event to Mm Btn Play ED
[2020.09.24-14.26.03:925][928]LogUObjectHash: Compacting FUObjectHashTables data took   3.04ms
[2020.09.24-14.26.03:944][928]LogSlate: Took 0.000165 seconds to synchronously load lazily loaded font '../../../Engine/Content/Slate/Fonts/DroidSansMono.ttf' (77K)
[2020.09.24-14.27.20:176][379]LogUObjectHash: Compacting FUObjectHashTables data took   2.58ms
[2020.09.24-14.27.20:185][379]LogSavePackage: Moving '../../../../../../Koulu/Github repository/Pelikehityksen perusteet/PP2020/Saved/MainMenu92190A8D424613269231609DA48CC00F.tmp' to '../../../../../../Koulu/Github repository/Pelikehityksen perusteet/PP2020/Content/Levels/MainMenu.umap'
[2020.09.24-14.27.20:201][379]LogFileHelpers: Saving map 'MainMenu' took 0.046
[2020.09.24-14.27.20:208][379]AssetCheck: New page: Asset Save: MainMenu
[2020.09.24-14.27.20:208][379]LogContentValidation: Display: Validating World /Game/Levels/MainMenu.MainMenu
[2020.09.24-14.27.57:091][195]LogUObjectHash: Compacting FUObjectHashTables data took   1.88ms
[2020.09.24-14.27.57:100][195]LogSavePackage: Moving '../../../../../../Koulu/Github repository/Pelikehityksen perusteet/PP2020/Saved/MainMenuBA47C764495A044132C95A86B0D19609.tmp' to '../../../../../../Koulu/Github repository/Pelikehityksen perusteet/PP2020/Content/Levels/MainMenu.umap'
[2020.09.24-14.27.57:116][195]LogFileHelpers: Saving map 'MainMenu' took 0.045
[2020.09.24-14.27.57:122][195]AssetCheck: New page: Asset Save: MainMenu
[2020.09.24-14.27.57:122][195]LogContentValidation: Display: Validating World /Game/Levels/MainMenu.MainMenu
[2020.09.24-14.28.11:467][848]LogUObjectHash: Compacting FUObjectHashTables data took   0.52ms
[2020.09.24-14.28.11:475][848]LogSavePackage: Moving '../../../../../../Koulu/Github repository/Pelikehityksen perusteet/PP2020/Saved/MainMenu02DD04E44D5AD7770B943F8B5D18D405.tmp' to '../../../../../../Koulu/Github repository/Pelikehityksen perusteet/PP2020/Content/Levels/MainMenu.umap'
[2020.09.24-14.28.11:491][848]LogFileHelpers: Saving map 'MainMenu' took 0.043
[2020.09.24-14.28.11:498][848]AssetCheck: New page: Asset Save: MainMenu
[2020.09.24-14.28.11:498][848]LogContentValidation: Display: Validating World /Game/Levels/MainMenu.MainMenu
[2020.09.24-14.28.13:189][ 47]BlueprintLog: New page: Compile MainMenu
[2020.09.24-14.28.13:219][ 47]LogUObjectHash: Compacting FUObjectHashTables data took   2.90ms
[2020.09.24-14.28.41:661][339]LogUObjectHash: Compacting FUObjectHashTables data took   2.77ms
[2020.09.24-14.28.41:670][339]LogSavePackage: Moving '../../../../../../Koulu/Github repository/Pelikehityksen perusteet/PP2020/Saved/MainMenu97D15E5A40FE9832DC27FF9322A3FCF2.tmp' to '../../../../../../Koulu/Github repository/Pelikehityksen perusteet/PP2020/Content/Levels/MainMenu.umap'
[2020.09.24-14.28.41:686][339]LogFileHelpers: Saving map 'MainMenu' took 0.046
[2020.09.24-14.28.41:694][339]AssetCheck: New page: Asset Save: MainMenu
[2020.09.24-14.28.41:694][339]LogContentValidation: Display: Validating World /Game/Levels/MainMenu.MainMenu
[2020.09.24-14.28.42:122][390]BlueprintLog: New page: Compile MainMenu
[2020.09.24-14.28.42:153][390]LogUObjectHash: Compacting FUObjectHashTables data took   2.83ms
[2020.09.24-14.28.43:892][577]Cmd: OBJ SAVEPACKAGE PACKAGE="/Game/Blueprints/MainMenuGUI" FILE="../../../../../../Koulu/Github repository/Pelikehityksen perusteet/PP2020/Content/Blueprints/MainMenuGUI.uasset" SILENT=true
[2020.09.24-14.28.43:911][577]LogSavePackage: Moving '../../../../../../Koulu/Github repository/Pelikehityksen perusteet/PP2020/Saved/MainMenuGUI18CA52EB4F763884C084B69AEADB16B1.tmp' to '../../../../../../Koulu/Github repository/Pelikehityksen perusteet/PP2020/Content/Blueprints/MainMenuGUI.uasset'
[2020.09.24-14.28.43:918][577]AssetCheck: New page: Asset Save: MainMenuGUI
[2020.09.24-14.28.43:918][577]LogContentValidation: Display: Validating WidgetBlueprint /Game/Blueprints/MainMenuGUI.MainMenuGUI
[2020.09.24-14.28.44:326][626]BlueprintLog: New page: Compile MainMenuGUI
[2020.09.24-14.28.44:349][626]LogUObjectHash: Compacting FUObjectHashTables data took   2.42ms
[2020.09.24-14.28.47:175][952]LogTemp: Repeating last play command: New Editor Window (PIE)
[2020.09.24-14.28.47:185][952]LogPlayLevel: PlayLevel: No blueprints needed recompiling
[2020.09.24-14.28.47:185][952]PIE: New page: PIE session: MainMenu (24.9.2020 klo 20.28.47)
[2020.09.24-14.28.47:185][952]LogPlayLevel: Creating play world package: /Game/Levels/UEDPIE_0_MainMenu
[2020.09.24-14.28.47:186][952]LogPlayLevel: PIE: StaticDuplicateObject took: (0.000866s)
[2020.09.24-14.28.47:187][952]LogAIModule: Creating AISystem for world MainMenu
[2020.09.24-14.28.47:187][952]LogAISub: UAISubsystem::UAISubsystem EnvQueryManager (0000012EB992B000), frame # 41952
[2020.09.24-14.28.47:187][952]LogAISub: UAISubsystem::UAISubsystem AIPerceptionSystem (0000012F19C47EC0), frame # 41952
[2020.09.24-14.28.47:187][952]LogPlayLevel: PIE: World Init took: (0.000819s)
[2020.09.24-14.28.47:187][952]LogPlayLevel: PIE: Created PIE world by copying editor world from /Game/Levels/MainMenu.MainMenu to /Game/Levels/UEDPIE_0_MainMenu.MainMenu (0.001791s)
[2020.09.24-14.28.47:209][952]LogUObjectHash: Compacting FUObjectHashTables data took   3.37ms
[2020.09.24-14.28.47:209][952]LogAudioMixer: Display: Audio Mixer Platform Settings:
[2020.09.24-14.28.47:209][952]LogAudioMixer: Display: 	Sample Rate:						  48000
[2020.09.24-14.28.47:209][952]LogAudioMixer: Display: 	Callback Buffer Frame Size Requested: 1024
[2020.09.24-14.28.47:209][952]LogAudioMixer: Display: 	Callback Buffer Frame Size To Use:	  1024
[2020.09.24-14.28.47:209][952]LogAudioMixer: Display: 	Number of buffers to queue:			  2
[2020.09.24-14.28.47:209][952]LogAudioMixer: Display: 	Max Channels (voices):				  32
[2020.09.24-14.28.47:209][952]LogAudioMixer: Display: 	Number of Async Source Workers:		  0
[2020.09.24-14.28.47:210][952]LogAudio: Display: AudioDevice MaxSources: 32
[2020.09.24-14.28.47:210][952]LogAudio: Display: Using built-in audio occlusion.
[2020.09.24-14.28.47:210][952]LogAudioMixer: Display: Initializing audio mixer.
[2020.09.24-14.28.47:213][952]LogAudioMixer: Display: 0: FrontLeft
[2020.09.24-14.28.47:214][952]LogAudioMixer: Display: 1: FrontRight
[2020.09.24-14.28.47:227][952]LogAudioMixer: Display: Using Audio Device Kaiuttimet (2–GXT 383 Gaming Headset)
[2020.09.24-14.28.47:227][952]LogAudioMixer: Display: Initializing Sound Submixes...
[2020.09.24-14.28.47:227][952]LogAudioMixer: Display: Creating Master Submix 'MasterSubmixDefault'
[2020.09.24-14.28.47:227][952]LogAudioMixer: Display: Creating Master Submix 'MasterReverbSubmixDefault'
[2020.09.24-14.28.47:227][952]LogAudioMixer: Display: Creating Master Submix 'MasterEQSubmixDefault'
[2020.09.24-14.28.47:236][952]LogInit: FAudioDevice initialized.
[2020.09.24-14.28.47:277][952]LogSlate: Updating window title bar state: overlay mode, drag disabled, window buttons hidden, title bar hidden
[2020.09.24-14.28.47:277][952]LogLoad: Game class is 'GameModeBase'
[2020.09.24-14.28.47:277][952]LogWorld: Bringing World /Game/Levels/UEDPIE_0_MainMenu.MainMenu up for play (max tick rate 0) at 2020.09.24-17.28.47
[2020.09.24-14.28.47:278][952]LogWorld: Bringing up level for play took: 0.000261
[2020.09.24-14.28.47:278][952]LogOnline: OSS: Creating online subsystem instance for: :Context_5
[2020.09.24-14.28.47:281][952]PIE: Server logged in
[2020.09.24-14.28.47:282][952]PIE: Play in editor total start time 0,098 seconds.
[2020.09.24-14.28.48:945][150]LogNet: Browse: /Game/Levels/GameLevel001
[2020.09.24-14.28.48:946][150]LogLoad: LoadMap: /Game/Levels/GameLevel001
[2020.09.24-14.28.48:946][150]LogWorld: BeginTearingDown for /Game/Levels/UEDPIE_0_MainMenu
[2020.09.24-14.28.48:946][150]LogWorld: UWorld::CleanupWorld for MainMenu, bSessionEnded=true, bCleanupResources=true
[2020.09.24-14.28.48:946][150]LogSlate: InvalidateAllWidgets triggered.  All widgets were invalidated
[2020.09.24-14.28.49:000][150]LogAISub: UAISubsystem::~UAISubsystem AIPerceptionSystem (0000012F19C47EC0), frame # 42150
[2020.09.24-14.28.49:000][150]LogAISub: UAISubsystem::~UAISubsystem EnvQueryManager (0000012EB992B000), frame # 42150
[2020.09.24-14.28.49:003][150]LogUObjectHash: Compacting FUObjectHashTables data took   2.22ms
[2020.09.24-14.28.49:060][150]LogAIModule: Creating AISystem for world GameLevel001
[2020.09.24-14.28.49:060][150]LogAISub: UAISubsystem::UAISubsystem EnvQueryManager (0000012F0410EA00), frame # 42150
[2020.09.24-14.28.49:060][150]LogAISub: UAISubsystem::UAISubsystem AIPerceptionSystem (0000012F1A76E0C0), frame # 42150
[2020.09.24-14.28.49:060][150]LogLoad: Game class is 'Gamemode2D_C'
[2020.09.24-14.28.49:061][150]LogWorld: Bringing World /Game/Levels/UEDPIE_0_GameLevel001.GameLevel001 up for play (max tick rate 0) at 2020.09.24-17.28.49
[2020.09.24-14.28.49:061][150]LogWorld: Bringing up level for play took: 0.000563
[2020.09.24-14.28.49:062][150]LogLoad: Took 0.116661 seconds to LoadMap(/Game/Levels/GameLevel001)
[2020.09.24-14.29.44:759][831]LogSlate: Window 'PP2020 Preview [NetMode: Standalone] (64-bit/Windows) ' being destroyed
[2020.09.24-14.29.44:764][831]LogWorld: BeginTearingDown for /Game/Levels/UEDPIE_0_GameLevel001
[2020.09.24-14.29.44:792][831]LogWorld: UWorld::CleanupWorld for GameLevel001, bSessionEnded=true, bCleanupResources=true
[2020.09.24-14.29.44:792][831]LogSlate: InvalidateAllWidgets triggered.  All widgets were invalidated
[2020.09.24-14.29.44:800][831]LogPlayLevel: Display: Shutting down PIE online subsystems
[2020.09.24-14.29.44:803][831]LogSlate: InvalidateAllWidgets triggered.  All widgets were invalidated
[2020.09.24-14.29.44:834][831]LogAISub: UAISubsystem::~UAISubsystem AIPerceptionSystem (0000012F1A76E0C0), frame # 48831
[2020.09.24-14.29.44:834][831]LogAISub: UAISubsystem::~UAISubsystem EnvQueryManager (0000012F0410EA00), frame # 48831
[2020.09.24-14.29.44:836][831]LogUObjectHash: Compacting FUObjectHashTables data took   2.41ms
[2020.09.24-14.29.44:878][832]LogPlayLevel: Display: Destroying online subsystem :Context_5
[2020.09.24-14.29.58:530][412]LogSlate: Window 'MainMenuGUI' being destroyed
[2020.09.24-14.29.58:532][412]LogSlate: Window 'MainMenuGUI' being destroyed
[2020.09.24-14.29.58:532][412]LogWorld: UWorld::CleanupWorld for World_0, bSessionEnded=true, bCleanupResources=true
[2020.09.24-14.29.58:532][412]LogSlate: InvalidateAllWidgets triggered.  All widgets were invalidated
[2020.09.24-14.29.58:566][412]LogWorld: UWorld::CleanupWorld for World_2, bSessionEnded=true, bCleanupResources=true
[2020.09.24-14.29.58:567][412]LogSlate: InvalidateAllWidgets triggered.  All widgets were invalidated
[2020.09.24-14.29.58:570][412]LogWorld: UWorld::CleanupWorld for World_1, bSessionEnded=true, bCleanupResources=true
[2020.09.24-14.29.58:570][412]LogSlate: InvalidateAllWidgets triggered.  All widgets were invalidated
[2020.09.24-14.30.00:880][667]LogUObjectHash: Compacting FUObjectHashTables data took   2.19ms
[2020.09.24-14.30.01:002][667]LogUObjectHash: Compacting FUObjectHashTables data took   2.37ms
[2020.09.24-14.30.01:010][667]LogSavePackage: Moving '../../../../../../Koulu/Github repository/Pelikehityksen perusteet/PP2020/Saved/MainMenuA6D4440343ABE8F750830E916FE1D00B.tmp' to '../../../../../../Koulu/Github repository/Pelikehityksen perusteet/PP2020/Content/Levels/MainMenu.umap'
[2020.09.24-14.30.01:025][667]LogFileHelpers: Saving map 'MainMenu' took 0.053
[2020.09.24-14.30.01:031][667]AssetCheck: New page: Asset Save: MainMenu
[2020.09.24-14.30.01:031][667]LogContentValidation: Display: Validating World /Game/Levels/MainMenu.MainMenu
